[0.022s] Invoking command in '/home/ghislain/m_robot_ws/build/my_robot_description': CMAKE_PREFIX_PATH=${CMAKE_PREFIX_PATH}:/opt/ros/humble /usr/bin/cmake /home/ghislain/m_robot_ws/src/my_robot_description -DCMAKE_INSTALL_PREFIX=/home/ghislain/m_robot_ws/install/my_robot_description
[0.289s] -- The C compiler identification is GNU 11.4.0
[0.549s] -- The CXX compiler identification is GNU 11.4.0
[0.604s] -- Detecting C compiler ABI info
[1.006s] -- Detecting C compiler ABI info - done
[1.060s] -- Check for working C compiler: /usr/bin/cc - skipped
[1.062s] -- Detecting C compile features
[1.068s] -- Detecting C compile features - done
[1.096s] -- Detecting CXX compiler ABI info
[1.564s] -- Detecting CXX compiler ABI info - done
[1.605s] -- Check for working CXX compiler: /usr/bin/c++ - skipped
[1.605s] -- Detecting CXX compile features
[1.607s] -- Detecting CXX compile features - done
[1.619s] -- Found ament_cmake: 1.3.14 (/opt/ros/humble/share/ament_cmake/cmake)
[2.013s] -- Found Python3: /usr/bin/python3 (found version "3.10.12") found components: Interpreter 
[2.268s] -- Found rclcpp: 16.0.19 (/opt/ros/humble/share/rclcpp/cmake)
[2.357s] -- Found rosidl_generator_c: 3.1.8 (/opt/ros/humble/share/rosidl_generator_c/cmake)
[2.366s] -- Found rosidl_adapter: 3.1.8 (/opt/ros/humble/share/rosidl_adapter/cmake)
[2.384s] -- Found rosidl_generator_cpp: 3.1.8 (/opt/ros/humble/share/rosidl_generator_cpp/cmake)
[2.418s] -- Using all available rosidl_typesupport_c: rosidl_typesupport_fastrtps_c;rosidl_typesupport_introspection_c
[2.457s] -- Using all available rosidl_typesupport_cpp: rosidl_typesupport_fastrtps_cpp;rosidl_typesupport_introspection_cpp
[2.553s] -- Found rmw_implementation_cmake: 6.1.2 (/opt/ros/humble/share/rmw_implementation_cmake/cmake)
[2.560s] -- Found rmw_fastrtps_cpp: 6.2.10 (/opt/ros/humble/share/rmw_fastrtps_cpp/cmake)
[2.748s] -- Found OpenSSL: /usr/lib/x86_64-linux-gnu/libcrypto.so (found version "3.0.2")  
[2.805s] -- Found FastRTPS: /opt/ros/humble/include  
[2.884s] -- Using RMW implementation 'rmw_fastrtps_cpp' as default
[2.904s] -- Looking for pthread.h
[3.055s] -- Looking for pthread.h - found
[3.056s] -- Performing Test CMAKE_HAVE_LIBC_PTHREAD
[3.195s] -- Performing Test CMAKE_HAVE_LIBC_PTHREAD - Success
[3.199s] -- Found Threads: TRUE  
[3.340s] -- Found urdf: 2.6.1 (/opt/ros/humble/share/urdf/cmake)
[3.397s] -- Found robot_state_publisher: 3.0.3 (/opt/ros/humble/share/robot_state_publisher/cmake)
[3.465s] -- Found eigen3_cmake_module: 0.1.1 (/opt/ros/humble/share/eigen3_cmake_module/cmake)
[3.475s] -- Found Eigen3: TRUE (found version "3.4.0") 
[3.476s] -- Ensuring Eigen3 include directory is part of orocos-kdl CMake target
[3.759s] -- Found gazebo_ros: 3.9.0 (/opt/ros/humble/share/gazebo_ros/cmake)
[3.778s] -- Found PkgConfig: /usr/bin/pkg-config (found version "0.29.2") 
[3.781s] -- Checking for module 'bullet>=2.82'
[3.807s] --   Found bullet, version 3.05
[4.048s] -- Found fcl: /usr/include (found suitable version "0.7.0", minimum required is "0.5.0") 
[4.160s] -- Found assimp: /usr/include (found version "5.2.0") 
[4.196s] -- Found DART: /usr/include (Required is at least version "6.6") found components: dart 
[4.259s] -- Found Boost: /usr/lib/x86_64-linux-gnu/cmake/Boost-1.74.0/BoostConfig.cmake (found suitable version "1.74.0", minimum required is "1.40.0") found components: thread system filesystem program_options regex iostreams date_time 
[4.293s] -- Found Protobuf: /usr/lib/x86_64-linux-gnu/libprotobuf.so (found version "3.12.4") 
[4.301s] -- Looking for ignition-math6 -- found version 6.15.1
[4.312s] -- Searching for dependencies of ignition-math6
[4.316s] -- Looking for OGRE...
[4.317s] -- OGRE_PREFIX_WATCH changed.
[4.336s] -- Checking for module 'OGRE'
[4.360s] --   Found OGRE, version 1.9.0
[4.437s] -- Found Ogre Ghadamon (1.9.0)
[4.458s] -- Found OGRE: optimized;/usr/lib/x86_64-linux-gnu/libOgreMain.so;debug;/usr/lib/x86_64-linux-gnu/libOgreMain.so
[4.480s] -- Looking for OGRE_Paging...
[4.501s] -- Found OGRE_Paging: optimized;/usr/lib/x86_64-linux-gnu/libOgrePaging.so;debug;/usr/lib/x86_64-linux-gnu/libOgrePaging.so
[4.502s] -- Looking for OGRE_Terrain...
[4.516s] -- Found OGRE_Terrain: optimized;/usr/lib/x86_64-linux-gnu/libOgreTerrain.so;debug;/usr/lib/x86_64-linux-gnu/libOgreTerrain.so
[4.516s] -- Looking for OGRE_Property...
[4.534s] -- Found OGRE_Property: optimized;/usr/lib/x86_64-linux-gnu/libOgreProperty.so;debug;/usr/lib/x86_64-linux-gnu/libOgreProperty.so
[4.536s] -- Looking for OGRE_RTShaderSystem...
[4.553s] -- Found OGRE_RTShaderSystem: optimized;/usr/lib/x86_64-linux-gnu/libOgreRTShaderSystem.so;debug;/usr/lib/x86_64-linux-gnu/libOgreRTShaderSystem.so
[4.554s] -- Looking for OGRE_Volume...
[4.567s] -- Found OGRE_Volume: optimized;/usr/lib/x86_64-linux-gnu/libOgreVolume.so;debug;/usr/lib/x86_64-linux-gnu/libOgreVolume.so
[4.568s] -- Looking for OGRE_Overlay...
[4.584s] -- Found OGRE_Overlay: optimized;/usr/lib/x86_64-linux-gnu/libOgreOverlay.so;debug;/usr/lib/x86_64-linux-gnu/libOgreOverlay.so
[5.183s] -- Looking for ignition-math6 -- found version 6.15.1
[5.188s] -- Looking for ignition-transport8 -- found version 8.2.1
[5.191s] -- Searching for dependencies of ignition-transport8
[5.243s] -- Found Protobuf: /usr/lib/x86_64-linux-gnu/libprotobuf.so (found suitable version "3.12.4", minimum required is "3") 
[5.282s] -- Config-file not installed for ZeroMQ -- checking for pkg-config
[5.294s] -- Checking for module 'libzmq >= 4'
[5.321s] --   Found libzmq , version 4.3.4
[5.409s] -- Found ZeroMQ: TRUE (Required is at least version "4") 
[5.421s] -- Checking for module 'uuid'
[5.448s] --   Found uuid, version 2.37.2
[5.530s] -- Found UUID: TRUE  
[5.533s] -- Looking for ignition-msgs5 -- found version 5.8.1
[5.535s] -- Searching for dependencies of ignition-msgs5
[5.573s] -- Looking for ignition-math6 -- found version 6.15.1
[5.588s] -- Checking for module 'tinyxml2'
[5.614s] --   Found tinyxml2, version 9.0.0
[5.700s] -- Looking for ignition-msgs5 -- found version 5.8.1
[5.705s] -- Looking for ignition-common3 -- found version 3.14.0
[5.706s] -- Searching for dependencies of ignition-common3
[5.707s] -- Looking for dlfcn.h - found
[5.709s] -- Looking for libdl - found
[5.712s] -- Found DL: TRUE  
[5.735s] -- Found tinyobjloader: /usr/lib/x86_64-linux-gnu/cmake/tinyobjloader/tinyobjloader-config.cmake (found version "2.0.0") 
[5.737s] -- Searching for <ignition-common3> component [graphics]
[5.741s] -- Looking for ignition-common3-graphics -- found version 3.14.0
[5.743s] -- Searching for dependencies of ignition-common3-graphics
[5.744s] -- Looking for ignition-math6 -- found version 6.15.1
[5.749s] -- Looking for ignition-fuel_tools4 -- found version 4.4.0
[5.750s] -- Searching for dependencies of ignition-fuel_tools4
[5.932s] -- Found CURL: /usr/lib/x86_64-linux-gnu/libcurl.so (found version "7.81.0")  
[5.947s] -- Checking for module 'jsoncpp'
[5.981s] --   Found jsoncpp, version 1.9.5
[6.056s] -- Found JSONCPP: TRUE  
[6.067s] -- Checking for module 'libzip'
[6.100s] --   Found libzip, version 1.7.3
[6.181s] -- Found ZIP: TRUE  
[6.186s] -- Looking for ignition-common3 -- found version 3.14.0
[6.187s] -- Looking for ignition-math6 -- found version 6.15.1
[6.188s] -- Looking for ignition-msgs5 -- found version 5.8.1
[6.194s] -- Gazebo version: 11.10
[6.196s] -- Checking for module 'tbb'
[6.226s] --   Found tbb, version 2021.5.0
[6.311s] -- Found gazebo_ros2_control: 0.4.10 (/opt/ros/humble/share/gazebo_ros2_control/cmake)
[6.591s] -- Found ament_lint_auto: 0.12.15 (/opt/ros/humble/share/ament_lint_auto/cmake)
[6.740s] -- Added test 'flake8' to check Python code syntax and style conventions
[6.742s] -- Added test 'lint_cmake' to check CMake code style
[6.744s] -- Added test 'pep257' to check Python code against some of the docstring style conventions in PEP 257
[6.748s] -- Added test 'xmllint' to check XML markup files
[6.750s] -- Configuring done
[6.767s] -- Generating done
[6.777s] -- Build files have been written to: /home/ghislain/m_robot_ws/build/my_robot_description
[6.811s] Invoked command in '/home/ghislain/m_robot_ws/build/my_robot_description' returned '0': CMAKE_PREFIX_PATH=${CMAKE_PREFIX_PATH}:/opt/ros/humble /usr/bin/cmake /home/ghislain/m_robot_ws/src/my_robot_description -DCMAKE_INSTALL_PREFIX=/home/ghislain/m_robot_ws/install/my_robot_description
[6.824s] Invoking command in '/home/ghislain/m_robot_ws/build/my_robot_description': CMAKE_PREFIX_PATH=${CMAKE_PREFIX_PATH}:/opt/ros/humble /usr/bin/cmake --build /home/ghislain/m_robot_ws/build/my_robot_description -- -j4 -l4
[6.906s] Invoked command in '/home/ghislain/m_robot_ws/build/my_robot_description' returned '0': CMAKE_PREFIX_PATH=${CMAKE_PREFIX_PATH}:/opt/ros/humble /usr/bin/cmake --build /home/ghislain/m_robot_ws/build/my_robot_description -- -j4 -l4
[6.933s] Invoking command in '/home/ghislain/m_robot_ws/build/my_robot_description': CMAKE_PREFIX_PATH=${CMAKE_PREFIX_PATH}:/opt/ros/humble /usr/bin/cmake --install /home/ghislain/m_robot_ws/build/my_robot_description
[6.947s] -- Install configuration: ""
[6.950s] -- Installing: /home/ghislain/m_robot_ws/install/my_robot_description/share/my_robot_description/launch
[6.952s] -- Installing: /home/ghislain/m_robot_ws/install/my_robot_description/share/my_robot_description/launch/display.launch.py
[6.953s] -- Installing: /home/ghislain/m_robot_ws/install/my_robot_description/share/my_robot_description/launch/gazebo.launch.py
[6.955s] -- Installing: /home/ghislain/m_robot_ws/install/my_robot_description/share/my_robot_description/launch/ekf.launch.py
[6.956s] -- Installing: /home/ghislain/m_robot_ws/install/my_robot_description/share/my_robot_description/urdf
[6.958s] -- Installing: /home/ghislain/m_robot_ws/install/my_robot_description/share/my_robot_description/urdf/m_robot.xacro
[6.958s] -- Installing: /home/ghislain/m_robot_ws/install/my_robot_description/share/my_robot_description/config
[6.959s] -- Installing: /home/ghislain/m_robot_ws/install/my_robot_description/share/my_robot_description/config/ekf.yaml
[6.959s] -- Installing: /home/ghislain/m_robot_ws/install/my_robot_description/share/my_robot_description/config/controllers.yaml
[6.960s] -- Installing: /home/ghislain/m_robot_ws/install/my_robot_description/share/my_robot_description/rviz
[6.960s] -- Installing: /home/ghislain/m_robot_ws/install/my_robot_description/share/my_robot_description/rviz/robot.rviz
[6.961s] -- Installing: /home/ghislain/m_robot_ws/install/my_robot_description/share/my_robot_description/worlds
[6.969s] -- Installing: /home/ghislain/m_robot_ws/install/my_robot_description/share/my_robot_description/worlds/my_world.world
[6.970s] -- Installing: /home/ghislain/m_robot_ws/install/my_robot_description/share/my_robot_description/worlds/befehle.world
[6.972s] -- Installing: /home/ghislain/m_robot_ws/install/my_robot_description/share/ament_index/resource_index/package_run_dependencies/my_robot_description
[6.973s] -- Installing: /home/ghislain/m_robot_ws/install/my_robot_description/share/ament_index/resource_index/parent_prefix_path/my_robot_description
[6.974s] -- Installing: /home/ghislain/m_robot_ws/install/my_robot_description/share/my_robot_description/environment/ament_prefix_path.sh
[6.976s] -- Installing: /home/ghislain/m_robot_ws/install/my_robot_description/share/my_robot_description/environment/ament_prefix_path.dsv
[6.977s] -- Installing: /home/ghislain/m_robot_ws/install/my_robot_description/share/my_robot_description/environment/path.sh
[6.977s] -- Installing: /home/ghislain/m_robot_ws/install/my_robot_description/share/my_robot_description/environment/path.dsv
[6.977s] -- Installing: /home/ghislain/m_robot_ws/install/my_robot_description/share/my_robot_description/local_setup.bash
[6.978s] -- Installing: /home/ghislain/m_robot_ws/install/my_robot_description/share/my_robot_description/local_setup.sh
[6.979s] -- Installing: /home/ghislain/m_robot_ws/install/my_robot_description/share/my_robot_description/local_setup.zsh
[6.980s] -- Installing: /home/ghislain/m_robot_ws/install/my_robot_description/share/my_robot_description/local_setup.dsv
[6.981s] -- Installing: /home/ghislain/m_robot_ws/install/my_robot_description/share/my_robot_description/package.dsv
[6.981s] -- Installing: /home/ghislain/m_robot_ws/install/my_robot_description/share/ament_index/resource_index/packages/my_robot_description
[6.982s] -- Installing: /home/ghislain/m_robot_ws/install/my_robot_description/share/my_robot_description/cmake/my_robot_descriptionConfig.cmake
[6.983s] -- Installing: /home/ghislain/m_robot_ws/install/my_robot_description/share/my_robot_description/cmake/my_robot_descriptionConfig-version.cmake
[6.984s] -- Installing: /home/ghislain/m_robot_ws/install/my_robot_description/share/my_robot_description/package.xml
[6.985s] Invoked command in '/home/ghislain/m_robot_ws/build/my_robot_description' returned '0': CMAKE_PREFIX_PATH=${CMAKE_PREFIX_PATH}:/opt/ros/humble /usr/bin/cmake --install /home/ghislain/m_robot_ws/build/my_robot_description
