[0.102s] Invoking command in '/home/ghislain/m_robot_ws/build/my_robot_description': CMAKE_PREFIX_PATH=${CMAKE_PREFIX_PATH}:/opt/ros/humble /usr/bin/cmake --build /home/ghislain/m_robot_ws/build/my_robot_description -- -j4 -l4
[0.734s] Invoked command in '/home/ghislain/m_robot_ws/build/my_robot_description' returned '0': CMAKE_PREFIX_PATH=${CMAKE_PREFIX_PATH}:/opt/ros/humble /usr/bin/cmake --build /home/ghislain/m_robot_ws/build/my_robot_description -- -j4 -l4
[0.765s] Invoking command in '/home/ghislain/m_robot_ws/build/my_robot_description': CMAKE_PREFIX_PATH=${CMAKE_PREFIX_PATH}:/opt/ros/humble /usr/bin/cmake --install /home/ghislain/m_robot_ws/build/my_robot_description
[0.785s] -- Install configuration: ""
[0.789s] -- Up-to-date: /home/ghislain/m_robot_ws/install/my_robot_description/share/my_robot_description/launch
[0.792s] -- Up-to-date: /home/ghislain/m_robot_ws/install/my_robot_description/share/my_robot_description/launch/online_async_launch.py
[0.793s] -- Up-to-date: /home/ghislain/m_robot_ws/install/my_robot_description/share/my_robot_description/launch/localization_launch.py
[0.795s] -- Up-to-date: /home/ghislain/m_robot_ws/install/my_robot_description/share/my_robot_description/launch/navigation_launch.py
[0.796s] -- Up-to-date: /home/ghislain/m_robot_ws/install/my_robot_description/share/my_robot_description/launch/slam.launch.py
[0.796s] -- Up-to-date: /home/ghislain/m_robot_ws/install/my_robot_description/share/my_robot_description/launch/display.launch.py
[0.800s] -- Up-to-date: /home/ghislain/m_robot_ws/install/my_robot_description/share/my_robot_description/launch/gazebo.launch.py
[0.801s] -- Up-to-date: /home/ghislain/m_robot_ws/install/my_robot_description/share/my_robot_description/launch/ekf.launch.py
[0.802s] -- Up-to-date: /home/ghislain/m_robot_ws/install/my_robot_description/share/my_robot_description/launch/gazbo.launch.py
[0.802s] -- Up-to-date: /home/ghislain/m_robot_ws/install/my_robot_description/share/my_robot_description/launch/rtabmap.launch.py
[0.803s] -- Up-to-date: /home/ghislain/m_robot_ws/install/my_robot_description/share/my_robot_description/urdf
[0.805s] -- Up-to-date: /home/ghislain/m_robot_ws/install/my_robot_description/share/my_robot_description/urdf/m_robot.urdf
[0.806s] -- Installing: /home/ghislain/m_robot_ws/install/my_robot_description/share/my_robot_description/urdf/m_robot.xacro
[0.807s] -- Up-to-date: /home/ghislain/m_robot_ws/install/my_robot_description/share/my_robot_description/config
[0.816s] -- Installing: /home/ghislain/m_robot_ws/install/my_robot_description/share/my_robot_description/config/mapper_params_online_async.yaml
[0.817s] -- Up-to-date: /home/ghislain/m_robot_ws/install/my_robot_description/share/my_robot_description/config/ekf.yaml
[0.817s] -- Up-to-date: /home/ghislain/m_robot_ws/install/my_robot_description/share/my_robot_description/config/rtabmap.yaml
[0.818s] -- Up-to-date: /home/ghislain/m_robot_ws/install/my_robot_description/share/my_robot_description/config/controllers.yaml
[0.819s] -- Up-to-date: /home/ghislain/m_robot_ws/install/my_robot_description/share/my_robot_description/config/nav2_params.yaml
[0.821s] -- Up-to-date: /home/ghislain/m_robot_ws/install/my_robot_description/share/my_robot_description/rviz
[0.822s] -- Up-to-date: /home/ghislain/m_robot_ws/install/my_robot_description/share/my_robot_description/rviz/robot.rviz
[0.824s] -- Up-to-date: /home/ghislain/m_robot_ws/install/my_robot_description/share/my_robot_description/worlds
[0.824s] -- Up-to-date: /home/ghislain/m_robot_ws/install/my_robot_description/share/my_robot_description/worlds/my_world.world
[0.825s] -- Up-to-date: /home/ghislain/m_robot_ws/install/my_robot_description/share/my_robot_description/worlds/befehle.world
[0.825s] -- Up-to-date: /home/ghislain/m_robot_ws/install/my_robot_description/share/ament_index/resource_index/package_run_dependencies/my_robot_description
[0.826s] -- Up-to-date: /home/ghislain/m_robot_ws/install/my_robot_description/share/ament_index/resource_index/parent_prefix_path/my_robot_description
[0.827s] -- Up-to-date: /home/ghislain/m_robot_ws/install/my_robot_description/share/my_robot_description/environment/ament_prefix_path.sh
[0.829s] -- Up-to-date: /home/ghislain/m_robot_ws/install/my_robot_description/share/my_robot_description/environment/ament_prefix_path.dsv
[0.829s] -- Up-to-date: /home/ghislain/m_robot_ws/install/my_robot_description/share/my_robot_description/environment/path.sh
[0.830s] -- Up-to-date: /home/ghislain/m_robot_ws/install/my_robot_description/share/my_robot_description/environment/path.dsv
[0.831s] -- Up-to-date: /home/ghislain/m_robot_ws/install/my_robot_description/share/my_robot_description/local_setup.bash
[0.833s] -- Up-to-date: /home/ghislain/m_robot_ws/install/my_robot_description/share/my_robot_description/local_setup.sh
[0.834s] -- Up-to-date: /home/ghislain/m_robot_ws/install/my_robot_description/share/my_robot_description/local_setup.zsh
[0.835s] -- Up-to-date: /home/ghislain/m_robot_ws/install/my_robot_description/share/my_robot_description/local_setup.dsv
[0.836s] -- Installing: /home/ghislain/m_robot_ws/install/my_robot_description/share/my_robot_description/package.dsv
[0.837s] -- Up-to-date: /home/ghislain/m_robot_ws/install/my_robot_description/share/ament_index/resource_index/packages/my_robot_description
[0.838s] -- Up-to-date: /home/ghislain/m_robot_ws/install/my_robot_description/share/my_robot_description/cmake/my_robot_descriptionConfig.cmake
[0.839s] -- Up-to-date: /home/ghislain/m_robot_ws/install/my_robot_description/share/my_robot_description/cmake/my_robot_descriptionConfig-version.cmake
[0.840s] -- Up-to-date: /home/ghislain/m_robot_ws/install/my_robot_description/share/my_robot_description/package.xml
[0.841s] Invoked command in '/home/ghislain/m_robot_ws/build/my_robot_description' returned '0': CMAKE_PREFIX_PATH=${CMAKE_PREFIX_PATH}:/opt/ros/humble /usr/bin/cmake --install /home/ghislain/m_robot_ws/build/my_robot_description
