[0.444s] DEBUG:colcon:Command line arguments: ['/usr/bin/colcon', 'build', '--packages-select', 'my_robot_description']
[0.445s] DEBUG:colcon:Parsed command line arguments: Namespace(log_base=None, log_level=None, verb_name='build', build_base='build', install_base='install', merge_install=False, symlink_install=False, test_result_base=None, continue_on_error=False, executor='parallel', parallel_workers=4, event_handlers=None, ignore_user_meta=False, metas=['./colcon.meta'], base_paths=['.'], packages_ignore=None, packages_ignore_regex=None, paths=None, packages_up_to=None, packages_up_to_regex=None, packages_above=None, packages_above_and_dependencies=None, packages_above_depth=None, packages_select_by_dep=None, packages_skip_by_dep=None, packages_skip_up_to=None, packages_select_build_failed=False, packages_skip_build_finished=False, packages_select_test_failures=False, packages_skip_test_passed=False, packages_select=['my_robot_description'], packages_skip=None, packages_select_regex=None, packages_skip_regex=None, packages_start=None, packages_end=None, allow_overriding=[], cmake_args=None, cmake_target=None, cmake_target_skip_unavailable=False, cmake_clean_cache=False, cmake_clean_first=False, cmake_force_configure=False, ament_cmake_args=None, catkin_cmake_args=None, catkin_skip_building_tests=False, mixin_files=None, mixin=None, verb_parser=<colcon_mixin.mixin.mixin_argument.MixinArgumentDecorator object at 0x7f325dc2a410>, verb_extension=<colcon_core.verb.build.BuildVerb object at 0x7f325dc29f60>, main=<bound method BuildVerb.main of <colcon_core.verb.build.BuildVerb object at 0x7f325dc29f60>>, mixin_verb=('build',))
[1.174s] Level 1:colcon.colcon_core.package_discovery:discover_packages(colcon_meta) check parameters
[1.174s] Level 1:colcon.colcon_core.package_discovery:discover_packages(recursive) check parameters
[1.174s] Level 1:colcon.colcon_core.package_discovery:discover_packages(ignore) check parameters
[1.175s] Level 1:colcon.colcon_core.package_discovery:discover_packages(path) check parameters
[1.175s] Level 1:colcon.colcon_core.package_discovery:discover_packages(colcon_meta) discover
[1.175s] Level 1:colcon.colcon_core.package_discovery:discover_packages(recursive) discover
[1.175s] INFO:colcon.colcon_core.package_discovery:Crawling recursively for packages in '/home/ghislain/m_robot_ws'
[1.187s] Level 1:colcon.colcon_core.package_identification:_identify(.) by extensions ['ignore', 'ignore_ament_install']
[1.188s] Level 1:colcon.colcon_core.package_identification:_identify(.) by extension 'ignore'
[1.189s] Level 1:colcon.colcon_core.package_identification:_identify(.) by extension 'ignore_ament_install'
[1.190s] Level 1:colcon.colcon_core.package_identification:_identify(.) by extensions ['colcon_pkg']
[1.190s] Level 1:colcon.colcon_core.package_identification:_identify(.) by extension 'colcon_pkg'
[1.191s] Level 1:colcon.colcon_core.package_identification:_identify(.) by extensions ['colcon_meta']
[1.191s] Level 1:colcon.colcon_core.package_identification:_identify(.) by extension 'colcon_meta'
[1.192s] Level 1:colcon.colcon_core.package_identification:_identify(.) by extensions ['ros']
[1.192s] Level 1:colcon.colcon_core.package_identification:_identify(.) by extension 'ros'
[1.260s] Level 1:colcon.colcon_core.package_identification:_identify(.) by extensions ['cmake', 'python']
[1.260s] Level 1:colcon.colcon_core.package_identification:_identify(.) by extension 'cmake'
[1.262s] Level 1:colcon.colcon_core.package_identification:_identify(.) by extension 'python'
[1.265s] Level 1:colcon.colcon_core.package_identification:_identify(.) by extensions ['python_setup_py']
[1.270s] Level 1:colcon.colcon_core.package_identification:_identify(.) by extension 'python_setup_py'
[1.271s] Level 1:colcon.colcon_core.package_identification:_identify(build) by extensions ['ignore', 'ignore_ament_install']
[1.272s] Level 1:colcon.colcon_core.package_identification:_identify(build) by extension 'ignore'
[1.272s] Level 1:colcon.colcon_core.package_identification:_identify(build) ignored
[1.273s] Level 1:colcon.colcon_core.package_identification:_identify(install) by extensions ['ignore', 'ignore_ament_install']
[1.273s] Level 1:colcon.colcon_core.package_identification:_identify(install) by extension 'ignore'
[1.275s] Level 1:colcon.colcon_core.package_identification:_identify(install) ignored
[1.279s] Level 1:colcon.colcon_core.package_identification:_identify(log) by extensions ['ignore', 'ignore_ament_install']
[1.279s] Level 1:colcon.colcon_core.package_identification:_identify(log) by extension 'ignore'
[1.281s] Level 1:colcon.colcon_core.package_identification:_identify(log) ignored
[1.281s] Level 1:colcon.colcon_core.package_identification:_identify(src) by extensions ['ignore', 'ignore_ament_install']
[1.282s] Level 1:colcon.colcon_core.package_identification:_identify(src) by extension 'ignore'
[1.283s] Level 1:colcon.colcon_core.package_identification:_identify(src) by extension 'ignore_ament_install'
[1.284s] Level 1:colcon.colcon_core.package_identification:_identify(src) by extensions ['colcon_pkg']
[1.285s] Level 1:colcon.colcon_core.package_identification:_identify(src) by extension 'colcon_pkg'
[1.285s] Level 1:colcon.colcon_core.package_identification:_identify(src) by extensions ['colcon_meta']
[1.287s] Level 1:colcon.colcon_core.package_identification:_identify(src) by extension 'colcon_meta'
[1.288s] Level 1:colcon.colcon_core.package_identification:_identify(src) by extensions ['ros']
[1.288s] Level 1:colcon.colcon_core.package_identification:_identify(src) by extension 'ros'
[1.289s] Level 1:colcon.colcon_core.package_identification:_identify(src) by extensions ['cmake', 'python']
[1.289s] Level 1:colcon.colcon_core.package_identification:_identify(src) by extension 'cmake'
[1.290s] Level 1:colcon.colcon_core.package_identification:_identify(src) by extension 'python'
[1.290s] Level 1:colcon.colcon_core.package_identification:_identify(src) by extensions ['python_setup_py']
[1.290s] Level 1:colcon.colcon_core.package_identification:_identify(src) by extension 'python_setup_py'
[1.293s] Level 1:colcon.colcon_core.package_identification:_identify(src/my_robot_description) by extensions ['ignore', 'ignore_ament_install']
[1.294s] Level 1:colcon.colcon_core.package_identification:_identify(src/my_robot_description) by extension 'ignore'
[1.294s] Level 1:colcon.colcon_core.package_identification:_identify(src/my_robot_description) by extension 'ignore_ament_install'
[1.295s] Level 1:colcon.colcon_core.package_identification:_identify(src/my_robot_description) by extensions ['colcon_pkg']
[1.295s] Level 1:colcon.colcon_core.package_identification:_identify(src/my_robot_description) by extension 'colcon_pkg'
[1.295s] Level 1:colcon.colcon_core.package_identification:_identify(src/my_robot_description) by extensions ['colcon_meta']
[1.295s] Level 1:colcon.colcon_core.package_identification:_identify(src/my_robot_description) by extension 'colcon_meta'
[1.296s] Level 1:colcon.colcon_core.package_identification:_identify(src/my_robot_description) by extensions ['ros']
[1.296s] Level 1:colcon.colcon_core.package_identification:_identify(src/my_robot_description) by extension 'ros'
[1.305s] DEBUG:colcon.colcon_core.package_identification:Package 'src/my_robot_description' with type 'ros.ament_cmake' and name 'my_robot_description'
[1.306s] Level 1:colcon.colcon_core.package_discovery:discover_packages(recursive) using defaults
[1.306s] Level 1:colcon.colcon_core.package_discovery:discover_packages(ignore) discover
[1.307s] Level 1:colcon.colcon_core.package_discovery:discover_packages(ignore) using defaults
[1.308s] Level 1:colcon.colcon_core.package_discovery:discover_packages(path) discover
[1.308s] Level 1:colcon.colcon_core.package_discovery:discover_packages(path) using defaults
[1.510s] Level 1:colcon.colcon_core.package_discovery:discover_packages(prefix_path) check parameters
[1.510s] Level 1:colcon.colcon_core.package_discovery:discover_packages(prefix_path) discover
[1.538s] DEBUG:colcon.colcon_installed_package_information.package_discovery:Found 1 installed packages in /home/ghislain/m_robot_ws/install
[1.548s] DEBUG:colcon.colcon_installed_package_information.package_discovery:Found 419 installed packages in /opt/ros/humble
[1.589s] Level 1:colcon.colcon_core.package_discovery:discover_packages(prefix_path) using defaults
[1.901s] Level 5:colcon.colcon_core.verb:set package 'my_robot_description' build argument 'cmake_args' from command line to 'None'
[1.901s] Level 5:colcon.colcon_core.verb:set package 'my_robot_description' build argument 'cmake_target' from command line to 'None'
[1.901s] Level 5:colcon.colcon_core.verb:set package 'my_robot_description' build argument 'cmake_target_skip_unavailable' from command line to 'False'
[1.901s] Level 5:colcon.colcon_core.verb:set package 'my_robot_description' build argument 'cmake_clean_cache' from command line to 'False'
[1.901s] Level 5:colcon.colcon_core.verb:set package 'my_robot_description' build argument 'cmake_clean_first' from command line to 'False'
[1.901s] Level 5:colcon.colcon_core.verb:set package 'my_robot_description' build argument 'cmake_force_configure' from command line to 'False'
[1.901s] Level 5:colcon.colcon_core.verb:set package 'my_robot_description' build argument 'ament_cmake_args' from command line to 'None'
[1.901s] Level 5:colcon.colcon_core.verb:set package 'my_robot_description' build argument 'catkin_cmake_args' from command line to 'None'
[1.901s] Level 5:colcon.colcon_core.verb:set package 'my_robot_description' build argument 'catkin_skip_building_tests' from command line to 'False'
[1.901s] DEBUG:colcon.colcon_core.verb:Building package 'my_robot_description' with the following arguments: {'ament_cmake_args': None, 'build_base': '/home/ghislain/m_robot_ws/build/my_robot_description', 'catkin_cmake_args': None, 'catkin_skip_building_tests': False, 'cmake_args': None, 'cmake_clean_cache': False, 'cmake_clean_first': False, 'cmake_force_configure': False, 'cmake_target': None, 'cmake_target_skip_unavailable': False, 'install_base': '/home/ghislain/m_robot_ws/install/my_robot_description', 'merge_install': False, 'path': '/home/ghislain/m_robot_ws/src/my_robot_description', 'symlink_install': False, 'test_result_base': None}
[1.902s] INFO:colcon.colcon_core.executor:Executing jobs using 'parallel' executor
[1.904s] DEBUG:colcon.colcon_parallel_executor.executor.parallel:run_until_complete
[1.908s] INFO:colcon.colcon_ros.task.ament_cmake.build:Building ROS package in '/home/ghislain/m_robot_ws/src/my_robot_description' with build type 'ament_cmake'
[1.909s] INFO:colcon.colcon_cmake.task.cmake.build:Building CMake package in '/home/ghislain/m_robot_ws/src/my_robot_description'
[1.916s] INFO:colcon.colcon_core.plugin_system:Skipping extension 'colcon_core.shell.bat': Not used on non-Windows systems
[1.918s] INFO:colcon.colcon_core.shell:Skip shell extension 'powershell' for command environment: Not usable outside of PowerShell
[1.919s] DEBUG:colcon.colcon_core.shell:Skip shell extension 'dsv' for command environment
[2.058s] DEBUG:colcon.colcon_core.event_handler.log_command:Invoking command in '/home/ghislain/m_robot_ws/build/my_robot_description': CMAKE_PREFIX_PATH=${CMAKE_PREFIX_PATH}:/opt/ros/humble /usr/bin/cmake --build /home/ghislain/m_robot_ws/build/my_robot_description -- -j4 -l4
[2.318s] DEBUG:colcon.colcon_core.event_handler.log_command:Invoked command in '/home/ghislain/m_robot_ws/build/my_robot_description' returned '0': CMAKE_PREFIX_PATH=${CMAKE_PREFIX_PATH}:/opt/ros/humble /usr/bin/cmake --build /home/ghislain/m_robot_ws/build/my_robot_description -- -j4 -l4
[2.352s] DEBUG:colcon.colcon_core.event_handler.log_command:Invoking command in '/home/ghislain/m_robot_ws/build/my_robot_description': CMAKE_PREFIX_PATH=${CMAKE_PREFIX_PATH}:/opt/ros/humble /usr/bin/cmake --install /home/ghislain/m_robot_ws/build/my_robot_description
[2.422s] Level 1:colcon.colcon_core.environment:create_environment_scripts_only(my_robot_description)
[2.434s] Level 1:colcon.colcon_core.environment:checking '/home/ghislain/m_robot_ws/install/my_robot_description' for CMake module files
[2.456s] Level 1:colcon.colcon_core.environment:checking '/home/ghislain/m_robot_ws/install/my_robot_description' for CMake config files
[2.463s] Level 1:colcon.colcon_core.shell:create_environment_hook('my_robot_description', 'cmake_prefix_path')
[2.464s] INFO:colcon.colcon_core.shell:Creating environment hook '/home/ghislain/m_robot_ws/install/my_robot_description/share/my_robot_description/hook/cmake_prefix_path.ps1'
[2.472s] DEBUG:colcon.colcon_core.event_handler.log_command:Invoked command in '/home/ghislain/m_robot_ws/build/my_robot_description' returned '0': CMAKE_PREFIX_PATH=${CMAKE_PREFIX_PATH}:/opt/ros/humble /usr/bin/cmake --install /home/ghislain/m_robot_ws/build/my_robot_description
[2.473s] INFO:colcon.colcon_core.shell:Creating environment descriptor '/home/ghislain/m_robot_ws/install/my_robot_description/share/my_robot_description/hook/cmake_prefix_path.dsv'
[2.475s] INFO:colcon.colcon_core.shell:Creating environment hook '/home/ghislain/m_robot_ws/install/my_robot_description/share/my_robot_description/hook/cmake_prefix_path.sh'
[2.490s] Level 1:colcon.colcon_core.environment:checking '/home/ghislain/m_robot_ws/install/my_robot_description/bin'
[2.492s] Level 1:colcon.colcon_core.environment:checking '/home/ghislain/m_robot_ws/install/my_robot_description/lib/pkgconfig/my_robot_description.pc'
[2.497s] Level 1:colcon.colcon_core.environment:checking '/home/ghislain/m_robot_ws/install/my_robot_description/lib/python3.10/site-packages'
[2.499s] Level 1:colcon.colcon_core.environment:checking '/home/ghislain/m_robot_ws/install/my_robot_description/bin'
[2.501s] INFO:colcon.colcon_core.shell:Creating package script '/home/ghislain/m_robot_ws/install/my_robot_description/share/my_robot_description/package.ps1'
[2.528s] INFO:colcon.colcon_core.shell:Creating package descriptor '/home/ghislain/m_robot_ws/install/my_robot_description/share/my_robot_description/package.dsv'
[2.532s] INFO:colcon.colcon_core.shell:Creating package script '/home/ghislain/m_robot_ws/install/my_robot_description/share/my_robot_description/package.sh'
[2.538s] INFO:colcon.colcon_core.shell:Creating package script '/home/ghislain/m_robot_ws/install/my_robot_description/share/my_robot_description/package.bash'
[2.544s] INFO:colcon.colcon_core.shell:Creating package script '/home/ghislain/m_robot_ws/install/my_robot_description/share/my_robot_description/package.zsh'
[2.548s] Level 1:colcon.colcon_core.environment:create_file_with_runtime_dependencies(/home/ghislain/m_robot_ws/install/my_robot_description/share/colcon-core/packages/my_robot_description)
[2.551s] Level 1:colcon.colcon_core.environment:create_environment_scripts_only(my_robot_description)
[2.552s] Level 1:colcon.colcon_core.environment:checking '/home/ghislain/m_robot_ws/install/my_robot_description' for CMake module files
[2.553s] Level 1:colcon.colcon_core.environment:checking '/home/ghislain/m_robot_ws/install/my_robot_description' for CMake config files
[2.554s] Level 1:colcon.colcon_core.shell:create_environment_hook('my_robot_description', 'cmake_prefix_path')
[2.555s] INFO:colcon.colcon_core.shell:Creating environment hook '/home/ghislain/m_robot_ws/install/my_robot_description/share/my_robot_description/hook/cmake_prefix_path.ps1'
[2.557s] INFO:colcon.colcon_core.shell:Creating environment descriptor '/home/ghislain/m_robot_ws/install/my_robot_description/share/my_robot_description/hook/cmake_prefix_path.dsv'
[2.559s] INFO:colcon.colcon_core.shell:Creating environment hook '/home/ghislain/m_robot_ws/install/my_robot_description/share/my_robot_description/hook/cmake_prefix_path.sh'
[2.562s] Level 1:colcon.colcon_core.environment:checking '/home/ghislain/m_robot_ws/install/my_robot_description/bin'
[2.562s] Level 1:colcon.colcon_core.environment:checking '/home/ghislain/m_robot_ws/install/my_robot_description/lib/pkgconfig/my_robot_description.pc'
[2.563s] Level 1:colcon.colcon_core.environment:checking '/home/ghislain/m_robot_ws/install/my_robot_description/lib/python3.10/site-packages'
[2.565s] Level 1:colcon.colcon_core.environment:checking '/home/ghislain/m_robot_ws/install/my_robot_description/bin'
[2.566s] INFO:colcon.colcon_core.shell:Creating package script '/home/ghislain/m_robot_ws/install/my_robot_description/share/my_robot_description/package.ps1'
[2.569s] INFO:colcon.colcon_core.shell:Creating package descriptor '/home/ghislain/m_robot_ws/install/my_robot_description/share/my_robot_description/package.dsv'
[2.572s] INFO:colcon.colcon_core.shell:Creating package script '/home/ghislain/m_robot_ws/install/my_robot_description/share/my_robot_description/package.sh'
[2.595s] INFO:colcon.colcon_core.shell:Creating package script '/home/ghislain/m_robot_ws/install/my_robot_description/share/my_robot_description/package.bash'
[2.597s] INFO:colcon.colcon_core.shell:Creating package script '/home/ghislain/m_robot_ws/install/my_robot_description/share/my_robot_description/package.zsh'
[2.599s] Level 1:colcon.colcon_core.environment:create_file_with_runtime_dependencies(/home/ghislain/m_robot_ws/install/my_robot_description/share/colcon-core/packages/my_robot_description)
[2.604s] DEBUG:colcon.colcon_parallel_executor.executor.parallel:closing loop
[2.604s] DEBUG:colcon.colcon_parallel_executor.executor.parallel:loop closed
[2.605s] DEBUG:colcon.colcon_parallel_executor.executor.parallel:run_until_complete finished with '0'
[2.605s] DEBUG:colcon.colcon_core.event_reactor:joining thread
[2.626s] INFO:colcon.colcon_core.plugin_system:Skipping extension 'colcon_notification.desktop_notification.terminal_notifier': Not used on non-Darwin systems
[2.626s] INFO:colcon.colcon_core.plugin_system:Skipping extension 'colcon_notification.desktop_notification.win32': Not used on non-Windows systems
[2.645s] INFO:colcon.colcon_notification.desktop_notification:Sending desktop notification using 'notify2'
[2.800s] DEBUG:colcon.colcon_core.event_reactor:joined thread
[2.801s] INFO:colcon.colcon_core.shell:Creating prefix script '/home/ghislain/m_robot_ws/install/local_setup.ps1'
[2.807s] INFO:colcon.colcon_core.shell:Creating prefix util module '/home/ghislain/m_robot_ws/install/_local_setup_util_ps1.py'
[2.835s] INFO:colcon.colcon_core.shell:Creating prefix chain script '/home/ghislain/m_robot_ws/install/setup.ps1'
[2.840s] INFO:colcon.colcon_core.shell:Creating prefix script '/home/ghislain/m_robot_ws/install/local_setup.sh'
[2.869s] INFO:colcon.colcon_core.shell:Creating prefix util module '/home/ghislain/m_robot_ws/install/_local_setup_util_sh.py'
[2.874s] INFO:colcon.colcon_core.shell:Creating prefix chain script '/home/ghislain/m_robot_ws/install/setup.sh'
[2.879s] INFO:colcon.colcon_core.shell:Creating prefix script '/home/ghislain/m_robot_ws/install/local_setup.bash'
[2.882s] INFO:colcon.colcon_core.shell:Creating prefix chain script '/home/ghislain/m_robot_ws/install/setup.bash'
[2.887s] INFO:colcon.colcon_core.shell:Creating prefix script '/home/ghislain/m_robot_ws/install/local_setup.zsh'
[2.891s] INFO:colcon.colcon_core.shell:Creating prefix chain script '/home/ghislain/m_robot_ws/install/setup.zsh'
