[0.079s] Invoking command in '/home/ghislain/m_robot_ws/build/my_robot_description': CMAKE_PREFIX_PATH=${CMAKE_PREFIX_PATH}:/opt/ros/humble /usr/bin/cmake --build /home/ghislain/m_robot_ws/build/my_robot_description -- -j4 -l4
[0.379s] Invoked command in '/home/ghislain/m_robot_ws/build/my_robot_description' returned '0': CMAKE_PREFIX_PATH=${CMAKE_PREFIX_PATH}:/opt/ros/humble /usr/bin/cmake --build /home/ghislain/m_robot_ws/build/my_robot_description -- -j4 -l4
[0.407s] Invoking command in '/home/ghislain/m_robot_ws/build/my_robot_description': CMAKE_PREFIX_PATH=${CMAKE_PREFIX_PATH}:/opt/ros/humble /usr/bin/cmake --install /home/ghislain/m_robot_ws/build/my_robot_description
[0.425s] -- Install configuration: ""
[0.425s] -- Up-to-date: /home/ghislain/m_robot_ws/install/my_robot_description/share/my_robot_description/launch
[0.426s] -- Up-to-date: /home/ghislain/m_robot_ws/install/my_robot_description/share/my_robot_description/launch/online_async_launch.py
[0.460s] -- Up-to-date: /home/ghislain/m_robot_ws/install/my_robot_description/share/my_robot_description/launch/localization_launch.py
[0.460s] -- Up-to-date: /home/ghislain/m_robot_ws/install/my_robot_description/share/my_robot_description/launch/navigation_launch.py
[0.463s] -- Up-to-date: /home/ghislain/m_robot_ws/install/my_robot_description/share/my_robot_description/launch/slam.launch.py
[0.463s] -- Up-to-date: /home/ghislain/m_robot_ws/install/my_robot_description/share/my_robot_description/launch/display.launch.py
[0.463s] -- Up-to-date: /home/ghislain/m_robot_ws/install/my_robot_description/share/my_robot_description/launch/gazebo.launch.py
[0.473s] -- Up-to-date: /home/ghislain/m_robot_ws/install/my_robot_description/share/my_robot_description/launch/ekf.launch.py
[0.474s] -- Up-to-date: /home/ghislain/m_robot_ws/install/my_robot_description/share/my_robot_description/launch/gazbo.launch.py
[0.476s] -- Up-to-date: /home/ghislain/m_robot_ws/install/my_robot_description/share/my_robot_description/launch/rtabmap.launch.py
[0.476s] -- Up-to-date: /home/ghislain/m_robot_ws/install/my_robot_description/share/my_robot_description/launch/navigat_launch.py
[0.476s] -- Up-to-date: /home/ghislain/m_robot_ws/install/my_robot_description/share/my_robot_description/launch/localizati_launch.py
[0.477s] -- Up-to-date: /home/ghislain/m_robot_ws/install/my_robot_description/share/my_robot_description/urdf
[0.477s] -- Installing: /home/ghislain/m_robot_ws/install/my_robot_description/share/my_robot_description/urdf/m_robot.urdf
[0.477s] -- Up-to-date: /home/ghislain/m_robot_ws/install/my_robot_description/share/my_robot_description/urdf/m_robot.xacro
[0.477s] -- Up-to-date: /home/ghislain/m_robot_ws/install/my_robot_description/share/my_robot_description/config
[0.478s] -- Up-to-date: /home/ghislain/m_robot_ws/install/my_robot_description/share/my_robot_description/config/mapper_params_online_async.yaml
[0.478s] -- Up-to-date: /home/ghislain/m_robot_ws/install/my_robot_description/share/my_robot_description/config/mapper_param_online_async.yaml
[0.479s] -- Up-to-date: /home/ghislain/m_robot_ws/install/my_robot_description/share/my_robot_description/config/ekf.yaml
[0.479s] -- Up-to-date: /home/ghislain/m_robot_ws/install/my_robot_description/share/my_robot_description/config/rtabmap.yaml
[0.479s] -- Up-to-date: /home/ghislain/m_robot_ws/install/my_robot_description/share/my_robot_description/config/controllers.yaml
[0.487s] -- Up-to-date: /home/ghislain/m_robot_ws/install/my_robot_description/share/my_robot_description/config/nav2_params.yaml
[0.489s] -- Up-to-date: /home/ghislain/m_robot_ws/install/my_robot_description/share/my_robot_description/rviz
[0.490s] -- Up-to-date: /home/ghislain/m_robot_ws/install/my_robot_description/share/my_robot_description/rviz/robot.rviz
[0.493s] -- Up-to-date: /home/ghislain/m_robot_ws/install/my_robot_description/share/my_robot_description/worlds
[0.499s] -- Up-to-date: /home/ghislain/m_robot_ws/install/my_robot_description/share/my_robot_description/worlds/my_world.world
[0.501s] -- Up-to-date: /home/ghislain/m_robot_ws/install/my_robot_description/share/my_robot_description/worlds/befehle.world
[0.502s] -- Up-to-date: /home/ghislain/m_robot_ws/install/my_robot_description/share/ament_index/resource_index/package_run_dependencies/my_robot_description
[0.508s] -- Up-to-date: /home/ghislain/m_robot_ws/install/my_robot_description/share/ament_index/resource_index/parent_prefix_path/my_robot_description
[0.509s] -- Up-to-date: /home/ghislain/m_robot_ws/install/my_robot_description/share/my_robot_description/environment/ament_prefix_path.sh
[0.509s] -- Up-to-date: /home/ghislain/m_robot_ws/install/my_robot_description/share/my_robot_description/environment/ament_prefix_path.dsv
[0.513s] -- Up-to-date: /home/ghislain/m_robot_ws/install/my_robot_description/share/my_robot_description/environment/path.sh
[0.514s] -- Up-to-date: /home/ghislain/m_robot_ws/install/my_robot_description/share/my_robot_description/environment/path.dsv
[0.519s] -- Up-to-date: /home/ghislain/m_robot_ws/install/my_robot_description/share/my_robot_description/local_setup.bash
[0.521s] -- Up-to-date: /home/ghislain/m_robot_ws/install/my_robot_description/share/my_robot_description/local_setup.sh
[0.522s] -- Up-to-date: /home/ghislain/m_robot_ws/install/my_robot_description/share/my_robot_description/local_setup.zsh
[0.523s] -- Up-to-date: /home/ghislain/m_robot_ws/install/my_robot_description/share/my_robot_description/local_setup.dsv
[0.528s] -- Installing: /home/ghislain/m_robot_ws/install/my_robot_description/share/my_robot_description/package.dsv
[0.529s] -- Up-to-date: /home/ghislain/m_robot_ws/install/my_robot_description/share/ament_index/resource_index/packages/my_robot_description
[0.530s] -- Up-to-date: /home/ghislain/m_robot_ws/install/my_robot_description/share/my_robot_description/cmake/my_robot_descriptionConfig.cmake
[0.530s] -- Up-to-date: /home/ghislain/m_robot_ws/install/my_robot_description/share/my_robot_description/cmake/my_robot_descriptionConfig-version.cmake
[0.534s] -- Up-to-date: /home/ghislain/m_robot_ws/install/my_robot_description/share/my_robot_description/package.xml
[0.535s] Invoked command in '/home/ghislain/m_robot_ws/build/my_robot_description' returned '0': CMAKE_PREFIX_PATH=${CMAKE_PREFIX_PATH}:/opt/ros/humble /usr/bin/cmake --install /home/ghislain/m_robot_ws/build/my_robot_description
