[0.220s] DEBUG:colcon:Command line arguments: ['/usr/bin/colcon', 'build', '--packages-select', 'my_robot_description']
[0.220s] DEBUG:colcon:Parsed command line arguments: Namespace(log_base=None, log_level=None, verb_name='build', build_base='build', install_base='install', merge_install=False, symlink_install=False, test_result_base=None, continue_on_error=False, executor='parallel', parallel_workers=4, event_handlers=None, ignore_user_meta=False, metas=['./colcon.meta'], base_paths=['.'], packages_ignore=None, packages_ignore_regex=None, paths=None, packages_up_to=None, packages_up_to_regex=None, packages_above=None, packages_above_and_dependencies=None, packages_above_depth=None, packages_select_by_dep=None, packages_skip_by_dep=None, packages_skip_up_to=None, packages_select_build_failed=False, packages_skip_build_finished=False, packages_select_test_failures=False, packages_skip_test_passed=False, packages_select=['my_robot_description'], packages_skip=None, packages_select_regex=None, packages_skip_regex=None, packages_start=None, packages_end=None, allow_overriding=[], cmake_args=None, cmake_target=None, cmake_target_skip_unavailable=False, cmake_clean_cache=False, cmake_clean_first=False, cmake_force_configure=False, ament_cmake_args=None, catkin_cmake_args=None, catkin_skip_building_tests=False, mixin_files=None, mixin=None, verb_parser=<colcon_mixin.mixin.mixin_argument.MixinArgumentDecorator object at 0x7fd5087ce410>, verb_extension=<colcon_core.verb.build.BuildVerb object at 0x7fd5087cdf60>, main=<bound method BuildVerb.main of <colcon_core.verb.build.BuildVerb object at 0x7fd5087cdf60>>, mixin_verb=('build',))
[0.600s] Level 1:colcon.colcon_core.package_discovery:discover_packages(colcon_meta) check parameters
[0.601s] Level 1:colcon.colcon_core.package_discovery:discover_packages(recursive) check parameters
[0.601s] Level 1:colcon.colcon_core.package_discovery:discover_packages(ignore) check parameters
[0.601s] Level 1:colcon.colcon_core.package_discovery:discover_packages(path) check parameters
[0.601s] Level 1:colcon.colcon_core.package_discovery:discover_packages(colcon_meta) discover
[0.602s] Level 1:colcon.colcon_core.package_discovery:discover_packages(recursive) discover
[0.602s] INFO:colcon.colcon_core.package_discovery:Crawling recursively for packages in '/home/ghislain/m_robot_ws'
[0.603s] Level 1:colcon.colcon_core.package_identification:_identify(.) by extensions ['ignore', 'ignore_ament_install']
[0.603s] Level 1:colcon.colcon_core.package_identification:_identify(.) by extension 'ignore'
[0.603s] Level 1:colcon.colcon_core.package_identification:_identify(.) by extension 'ignore_ament_install'
[0.604s] Level 1:colcon.colcon_core.package_identification:_identify(.) by extensions ['colcon_pkg']
[0.604s] Level 1:colcon.colcon_core.package_identification:_identify(.) by extension 'colcon_pkg'
[0.604s] Level 1:colcon.colcon_core.package_identification:_identify(.) by extensions ['colcon_meta']
[0.604s] Level 1:colcon.colcon_core.package_identification:_identify(.) by extension 'colcon_meta'
[0.604s] Level 1:colcon.colcon_core.package_identification:_identify(.) by extensions ['ros']
[0.604s] Level 1:colcon.colcon_core.package_identification:_identify(.) by extension 'ros'
[0.625s] Level 1:colcon.colcon_core.package_identification:_identify(.) by extensions ['cmake', 'python']
[0.625s] Level 1:colcon.colcon_core.package_identification:_identify(.) by extension 'cmake'
[0.625s] Level 1:colcon.colcon_core.package_identification:_identify(.) by extension 'python'
[0.625s] Level 1:colcon.colcon_core.package_identification:_identify(.) by extensions ['python_setup_py']
[0.625s] Level 1:colcon.colcon_core.package_identification:_identify(.) by extension 'python_setup_py'
[0.626s] Level 1:colcon.colcon_core.package_identification:_identify(build) by extensions ['ignore', 'ignore_ament_install']
[0.626s] Level 1:colcon.colcon_core.package_identification:_identify(build) by extension 'ignore'
[0.626s] Level 1:colcon.colcon_core.package_identification:_identify(build) ignored
[0.627s] Level 1:colcon.colcon_core.package_identification:_identify(install) by extensions ['ignore', 'ignore_ament_install']
[0.627s] Level 1:colcon.colcon_core.package_identification:_identify(install) by extension 'ignore'
[0.627s] Level 1:colcon.colcon_core.package_identification:_identify(install) ignored
[0.628s] Level 1:colcon.colcon_core.package_identification:_identify(log) by extensions ['ignore', 'ignore_ament_install']
[0.628s] Level 1:colcon.colcon_core.package_identification:_identify(log) by extension 'ignore'
[0.628s] Level 1:colcon.colcon_core.package_identification:_identify(log) ignored
[0.628s] Level 1:colcon.colcon_core.package_identification:_identify(src) by extensions ['ignore', 'ignore_ament_install']
[0.629s] Level 1:colcon.colcon_core.package_identification:_identify(src) by extension 'ignore'
[0.629s] Level 1:colcon.colcon_core.package_identification:_identify(src) by extension 'ignore_ament_install'
[0.629s] Level 1:colcon.colcon_core.package_identification:_identify(src) by extensions ['colcon_pkg']
[0.630s] Level 1:colcon.colcon_core.package_identification:_identify(src) by extension 'colcon_pkg'
[0.630s] Level 1:colcon.colcon_core.package_identification:_identify(src) by extensions ['colcon_meta']
[0.631s] Level 1:colcon.colcon_core.package_identification:_identify(src) by extension 'colcon_meta'
[0.631s] Level 1:colcon.colcon_core.package_identification:_identify(src) by extensions ['ros']
[0.631s] Level 1:colcon.colcon_core.package_identification:_identify(src) by extension 'ros'
[0.631s] Level 1:colcon.colcon_core.package_identification:_identify(src) by extensions ['cmake', 'python']
[0.632s] Level 1:colcon.colcon_core.package_identification:_identify(src) by extension 'cmake'
[0.632s] Level 1:colcon.colcon_core.package_identification:_identify(src) by extension 'python'
[0.632s] Level 1:colcon.colcon_core.package_identification:_identify(src) by extensions ['python_setup_py']
[0.632s] Level 1:colcon.colcon_core.package_identification:_identify(src) by extension 'python_setup_py'
[0.632s] Level 1:colcon.colcon_core.package_identification:_identify(src/my_robot_description) by extensions ['ignore', 'ignore_ament_install']
[0.633s] Level 1:colcon.colcon_core.package_identification:_identify(src/my_robot_description) by extension 'ignore'
[0.633s] Level 1:colcon.colcon_core.package_identification:_identify(src/my_robot_description) by extension 'ignore_ament_install'
[0.633s] Level 1:colcon.colcon_core.package_identification:_identify(src/my_robot_description) by extensions ['colcon_pkg']
[0.633s] Level 1:colcon.colcon_core.package_identification:_identify(src/my_robot_description) by extension 'colcon_pkg'
[0.633s] Level 1:colcon.colcon_core.package_identification:_identify(src/my_robot_description) by extensions ['colcon_meta']
[0.633s] Level 1:colcon.colcon_core.package_identification:_identify(src/my_robot_description) by extension 'colcon_meta'
[0.633s] Level 1:colcon.colcon_core.package_identification:_identify(src/my_robot_description) by extensions ['ros']
[0.633s] Level 1:colcon.colcon_core.package_identification:_identify(src/my_robot_description) by extension 'ros'
[0.638s] DEBUG:colcon.colcon_core.package_identification:Package 'src/my_robot_description' with type 'ros.ament_cmake' and name 'my_robot_description'
[0.639s] Level 1:colcon.colcon_core.package_discovery:discover_packages(recursive) using defaults
[0.641s] Level 1:colcon.colcon_core.package_discovery:discover_packages(ignore) discover
[0.641s] Level 1:colcon.colcon_core.package_discovery:discover_packages(ignore) using defaults
[0.642s] Level 1:colcon.colcon_core.package_discovery:discover_packages(path) discover
[0.642s] Level 1:colcon.colcon_core.package_discovery:discover_packages(path) using defaults
[0.697s] Level 1:colcon.colcon_core.package_discovery:discover_packages(prefix_path) check parameters
[0.697s] Level 1:colcon.colcon_core.package_discovery:discover_packages(prefix_path) discover
[0.700s] DEBUG:colcon.colcon_installed_package_information.package_discovery:Found 1 installed packages in /home/ghislain/m_robot_ws/install
[0.704s] DEBUG:colcon.colcon_installed_package_information.package_discovery:Found 389 installed packages in /opt/ros/humble
[0.708s] Level 1:colcon.colcon_core.package_discovery:discover_packages(prefix_path) using defaults
[0.827s] Level 5:colcon.colcon_core.verb:set package 'my_robot_description' build argument 'cmake_args' from command line to 'None'
[0.828s] Level 5:colcon.colcon_core.verb:set package 'my_robot_description' build argument 'cmake_target' from command line to 'None'
[0.828s] Level 5:colcon.colcon_core.verb:set package 'my_robot_description' build argument 'cmake_target_skip_unavailable' from command line to 'False'
[0.828s] Level 5:colcon.colcon_core.verb:set package 'my_robot_description' build argument 'cmake_clean_cache' from command line to 'False'
[0.829s] Level 5:colcon.colcon_core.verb:set package 'my_robot_description' build argument 'cmake_clean_first' from command line to 'False'
[0.829s] Level 5:colcon.colcon_core.verb:set package 'my_robot_description' build argument 'cmake_force_configure' from command line to 'False'
[0.829s] Level 5:colcon.colcon_core.verb:set package 'my_robot_description' build argument 'ament_cmake_args' from command line to 'None'
[0.829s] Level 5:colcon.colcon_core.verb:set package 'my_robot_description' build argument 'catkin_cmake_args' from command line to 'None'
[0.830s] Level 5:colcon.colcon_core.verb:set package 'my_robot_description' build argument 'catkin_skip_building_tests' from command line to 'False'
[0.831s] DEBUG:colcon.colcon_core.verb:Building package 'my_robot_description' with the following arguments: {'ament_cmake_args': None, 'build_base': '/home/ghislain/m_robot_ws/build/my_robot_description', 'catkin_cmake_args': None, 'catkin_skip_building_tests': False, 'cmake_args': None, 'cmake_clean_cache': False, 'cmake_clean_first': False, 'cmake_force_configure': False, 'cmake_target': None, 'cmake_target_skip_unavailable': False, 'install_base': '/home/ghislain/m_robot_ws/install/my_robot_description', 'merge_install': False, 'path': '/home/ghislain/m_robot_ws/src/my_robot_description', 'symlink_install': False, 'test_result_base': None}
[0.832s] INFO:colcon.colcon_core.executor:Executing jobs using 'parallel' executor
[0.835s] DEBUG:colcon.colcon_parallel_executor.executor.parallel:run_until_complete
[0.836s] INFO:colcon.colcon_ros.task.ament_cmake.build:Building ROS package in '/home/ghislain/m_robot_ws/src/my_robot_description' with build type 'ament_cmake'
[0.837s] INFO:colcon.colcon_cmake.task.cmake.build:Building CMake package in '/home/ghislain/m_robot_ws/src/my_robot_description'
[0.852s] INFO:colcon.colcon_core.plugin_system:Skipping extension 'colcon_core.shell.bat': Not used on non-Windows systems
[0.852s] INFO:colcon.colcon_core.shell:Skip shell extension 'powershell' for command environment: Not usable outside of PowerShell
[0.852s] DEBUG:colcon.colcon_core.shell:Skip shell extension 'dsv' for command environment
[0.961s] DEBUG:colcon.colcon_core.event_handler.log_command:Invoking command in '/home/ghislain/m_robot_ws/build/my_robot_description': CMAKE_PREFIX_PATH=${CMAKE_PREFIX_PATH}:/opt/ros/humble /usr/bin/cmake --build /home/ghislain/m_robot_ws/build/my_robot_description -- -j4 -l4
[1.124s] DEBUG:colcon.colcon_core.event_handler.log_command:Invoked command in '/home/ghislain/m_robot_ws/build/my_robot_description' returned '0': CMAKE_PREFIX_PATH=${CMAKE_PREFIX_PATH}:/opt/ros/humble /usr/bin/cmake --build /home/ghislain/m_robot_ws/build/my_robot_description -- -j4 -l4
[1.154s] DEBUG:colcon.colcon_core.event_handler.log_command:Invoking command in '/home/ghislain/m_robot_ws/build/my_robot_description': CMAKE_PREFIX_PATH=${CMAKE_PREFIX_PATH}:/opt/ros/humble /usr/bin/cmake --install /home/ghislain/m_robot_ws/build/my_robot_description
[1.273s] Level 1:colcon.colcon_core.environment:create_environment_scripts_only(my_robot_description)
[1.274s] DEBUG:colcon.colcon_core.event_handler.log_command:Invoked command in '/home/ghislain/m_robot_ws/build/my_robot_description' returned '0': CMAKE_PREFIX_PATH=${CMAKE_PREFIX_PATH}:/opt/ros/humble /usr/bin/cmake --install /home/ghislain/m_robot_ws/build/my_robot_description
[1.283s] Level 1:colcon.colcon_core.environment:checking '/home/ghislain/m_robot_ws/install/my_robot_description' for CMake module files
[1.294s] Level 1:colcon.colcon_core.environment:checking '/home/ghislain/m_robot_ws/install/my_robot_description' for CMake config files
[1.299s] Level 1:colcon.colcon_core.shell:create_environment_hook('my_robot_description', 'cmake_prefix_path')
[1.301s] INFO:colcon.colcon_core.shell:Creating environment hook '/home/ghislain/m_robot_ws/install/my_robot_description/share/my_robot_description/hook/cmake_prefix_path.ps1'
[1.320s] INFO:colcon.colcon_core.shell:Creating environment descriptor '/home/ghislain/m_robot_ws/install/my_robot_description/share/my_robot_description/hook/cmake_prefix_path.dsv'
[1.324s] INFO:colcon.colcon_core.shell:Creating environment hook '/home/ghislain/m_robot_ws/install/my_robot_description/share/my_robot_description/hook/cmake_prefix_path.sh'
[1.337s] Level 1:colcon.colcon_core.environment:checking '/home/ghislain/m_robot_ws/install/my_robot_description/bin'
[1.338s] Level 1:colcon.colcon_core.environment:checking '/home/ghislain/m_robot_ws/install/my_robot_description/lib/pkgconfig/my_robot_description.pc'
[1.339s] Level 1:colcon.colcon_core.environment:checking '/home/ghislain/m_robot_ws/install/my_robot_description/lib/python3.10/site-packages'
[1.343s] Level 1:colcon.colcon_core.environment:checking '/home/ghislain/m_robot_ws/install/my_robot_description/bin'
[1.344s] INFO:colcon.colcon_core.shell:Creating package script '/home/ghislain/m_robot_ws/install/my_robot_description/share/my_robot_description/package.ps1'
[1.350s] INFO:colcon.colcon_core.shell:Creating package descriptor '/home/ghislain/m_robot_ws/install/my_robot_description/share/my_robot_description/package.dsv'
[1.357s] INFO:colcon.colcon_core.shell:Creating package script '/home/ghislain/m_robot_ws/install/my_robot_description/share/my_robot_description/package.sh'
[1.360s] INFO:colcon.colcon_core.shell:Creating package script '/home/ghislain/m_robot_ws/install/my_robot_description/share/my_robot_description/package.bash'
[1.365s] INFO:colcon.colcon_core.shell:Creating package script '/home/ghislain/m_robot_ws/install/my_robot_description/share/my_robot_description/package.zsh'
[1.369s] Level 1:colcon.colcon_core.environment:create_file_with_runtime_dependencies(/home/ghislain/m_robot_ws/install/my_robot_description/share/colcon-core/packages/my_robot_description)
[1.371s] Level 1:colcon.colcon_core.environment:create_environment_scripts_only(my_robot_description)
[1.372s] Level 1:colcon.colcon_core.environment:checking '/home/ghislain/m_robot_ws/install/my_robot_description' for CMake module files
[1.375s] Level 1:colcon.colcon_core.environment:checking '/home/ghislain/m_robot_ws/install/my_robot_description' for CMake config files
[1.376s] Level 1:colcon.colcon_core.shell:create_environment_hook('my_robot_description', 'cmake_prefix_path')
[1.377s] INFO:colcon.colcon_core.shell:Creating environment hook '/home/ghislain/m_robot_ws/install/my_robot_description/share/my_robot_description/hook/cmake_prefix_path.ps1'
[1.380s] INFO:colcon.colcon_core.shell:Creating environment descriptor '/home/ghislain/m_robot_ws/install/my_robot_description/share/my_robot_description/hook/cmake_prefix_path.dsv'
[1.384s] INFO:colcon.colcon_core.shell:Creating environment hook '/home/ghislain/m_robot_ws/install/my_robot_description/share/my_robot_description/hook/cmake_prefix_path.sh'
[1.387s] Level 1:colcon.colcon_core.environment:checking '/home/ghislain/m_robot_ws/install/my_robot_description/bin'
[1.387s] Level 1:colcon.colcon_core.environment:checking '/home/ghislain/m_robot_ws/install/my_robot_description/lib/pkgconfig/my_robot_description.pc'
[1.388s] Level 1:colcon.colcon_core.environment:checking '/home/ghislain/m_robot_ws/install/my_robot_description/lib/python3.10/site-packages'
[1.389s] Level 1:colcon.colcon_core.environment:checking '/home/ghislain/m_robot_ws/install/my_robot_description/bin'
[1.390s] INFO:colcon.colcon_core.shell:Creating package script '/home/ghislain/m_robot_ws/install/my_robot_description/share/my_robot_description/package.ps1'
[1.393s] INFO:colcon.colcon_core.shell:Creating package descriptor '/home/ghislain/m_robot_ws/install/my_robot_description/share/my_robot_description/package.dsv'
[1.396s] INFO:colcon.colcon_core.shell:Creating package script '/home/ghislain/m_robot_ws/install/my_robot_description/share/my_robot_description/package.sh'
[1.398s] INFO:colcon.colcon_core.shell:Creating package script '/home/ghislain/m_robot_ws/install/my_robot_description/share/my_robot_description/package.bash'
[1.400s] INFO:colcon.colcon_core.shell:Creating package script '/home/ghislain/m_robot_ws/install/my_robot_description/share/my_robot_description/package.zsh'
[1.403s] Level 1:colcon.colcon_core.environment:create_file_with_runtime_dependencies(/home/ghislain/m_robot_ws/install/my_robot_description/share/colcon-core/packages/my_robot_description)
[1.404s] DEBUG:colcon.colcon_parallel_executor.executor.parallel:closing loop
[1.405s] DEBUG:colcon.colcon_parallel_executor.executor.parallel:loop closed
[1.405s] DEBUG:colcon.colcon_parallel_executor.executor.parallel:run_until_complete finished with '0'
[1.406s] DEBUG:colcon.colcon_core.event_reactor:joining thread
[1.428s] INFO:colcon.colcon_core.plugin_system:Skipping extension 'colcon_notification.desktop_notification.terminal_notifier': Not used on non-Darwin systems
[1.429s] INFO:colcon.colcon_core.plugin_system:Skipping extension 'colcon_notification.desktop_notification.win32': Not used on non-Windows systems
[1.429s] INFO:colcon.colcon_notification.desktop_notification:Sending desktop notification using 'notify2'
[1.526s] DEBUG:colcon.colcon_core.event_reactor:joined thread
[1.527s] INFO:colcon.colcon_core.shell:Creating prefix script '/home/ghislain/m_robot_ws/install/local_setup.ps1'
[1.532s] INFO:colcon.colcon_core.shell:Creating prefix util module '/home/ghislain/m_robot_ws/install/_local_setup_util_ps1.py'
[1.537s] INFO:colcon.colcon_core.shell:Creating prefix chain script '/home/ghislain/m_robot_ws/install/setup.ps1'
[1.543s] INFO:colcon.colcon_core.shell:Creating prefix script '/home/ghislain/m_robot_ws/install/local_setup.sh'
[1.545s] INFO:colcon.colcon_core.shell:Creating prefix util module '/home/ghislain/m_robot_ws/install/_local_setup_util_sh.py'
[1.547s] INFO:colcon.colcon_core.shell:Creating prefix chain script '/home/ghislain/m_robot_ws/install/setup.sh'
[1.552s] INFO:colcon.colcon_core.shell:Creating prefix script '/home/ghislain/m_robot_ws/install/local_setup.bash'
[1.554s] INFO:colcon.colcon_core.shell:Creating prefix chain script '/home/ghislain/m_robot_ws/install/setup.bash'
[1.558s] INFO:colcon.colcon_core.shell:Creating prefix script '/home/ghislain/m_robot_ws/install/local_setup.zsh'
[1.560s] INFO:colcon.colcon_core.shell:Creating prefix chain script '/home/ghislain/m_robot_ws/install/setup.zsh'
