[0.653s] DEBUG:colcon:Command line arguments: ['/usr/bin/colcon', 'build', '--packages-select', 'my_robot_description']
[0.654s] DEBUG:colcon:Parsed command line arguments: Namespace(log_base=None, log_level=None, verb_name='build', build_base='build', install_base='install', merge_install=False, symlink_install=False, test_result_base=None, continue_on_error=False, executor='parallel', parallel_workers=4, event_handlers=None, ignore_user_meta=False, metas=['./colcon.meta'], base_paths=['.'], packages_ignore=None, packages_ignore_regex=None, paths=None, packages_up_to=None, packages_up_to_regex=None, packages_above=None, packages_above_and_dependencies=None, packages_above_depth=None, packages_select_by_dep=None, packages_skip_by_dep=None, packages_skip_up_to=None, packages_select_build_failed=False, packages_skip_build_finished=False, packages_select_test_failures=False, packages_skip_test_passed=False, packages_select=['my_robot_description'], packages_skip=None, packages_select_regex=None, packages_skip_regex=None, packages_start=None, packages_end=None, allow_overriding=[], cmake_args=None, cmake_target=None, cmake_target_skip_unavailable=False, cmake_clean_cache=False, cmake_clean_first=False, cmake_force_configure=False, ament_cmake_args=None, catkin_cmake_args=None, catkin_skip_building_tests=False, mixin_files=None, mixin=None, verb_parser=<colcon_mixin.mixin.mixin_argument.MixinArgumentDecorator object at 0x7fca2a3fa410>, verb_extension=<colcon_core.verb.build.BuildVerb object at 0x7fca2a3f9f60>, main=<bound method BuildVerb.main of <colcon_core.verb.build.BuildVerb object at 0x7fca2a3f9f60>>, mixin_verb=('build',))
[1.755s] Level 1:colcon.colcon_core.package_discovery:discover_packages(colcon_meta) check parameters
[1.756s] Level 1:colcon.colcon_core.package_discovery:discover_packages(recursive) check parameters
[1.756s] Level 1:colcon.colcon_core.package_discovery:discover_packages(ignore) check parameters
[1.759s] Level 1:colcon.colcon_core.package_discovery:discover_packages(path) check parameters
[1.760s] Level 1:colcon.colcon_core.package_discovery:discover_packages(colcon_meta) discover
[1.760s] Level 1:colcon.colcon_core.package_discovery:discover_packages(recursive) discover
[1.761s] INFO:colcon.colcon_core.package_discovery:Crawling recursively for packages in '/home/ghislain/m_robot_ws'
[1.761s] Level 1:colcon.colcon_core.package_identification:_identify(.) by extensions ['ignore', 'ignore_ament_install']
[1.761s] Level 1:colcon.colcon_core.package_identification:_identify(.) by extension 'ignore'
[1.762s] Level 1:colcon.colcon_core.package_identification:_identify(.) by extension 'ignore_ament_install'
[1.762s] Level 1:colcon.colcon_core.package_identification:_identify(.) by extensions ['colcon_pkg']
[1.763s] Level 1:colcon.colcon_core.package_identification:_identify(.) by extension 'colcon_pkg'
[1.763s] Level 1:colcon.colcon_core.package_identification:_identify(.) by extensions ['colcon_meta']
[1.763s] Level 1:colcon.colcon_core.package_identification:_identify(.) by extension 'colcon_meta'
[1.764s] Level 1:colcon.colcon_core.package_identification:_identify(.) by extensions ['ros']
[1.764s] Level 1:colcon.colcon_core.package_identification:_identify(.) by extension 'ros'
[1.823s] Level 1:colcon.colcon_core.package_identification:_identify(.) by extensions ['cmake', 'python']
[1.823s] Level 1:colcon.colcon_core.package_identification:_identify(.) by extension 'cmake'
[1.824s] Level 1:colcon.colcon_core.package_identification:_identify(.) by extension 'python'
[1.824s] Level 1:colcon.colcon_core.package_identification:_identify(.) by extensions ['python_setup_py']
[1.824s] Level 1:colcon.colcon_core.package_identification:_identify(.) by extension 'python_setup_py'
[1.828s] Level 1:colcon.colcon_core.package_identification:_identify(build) by extensions ['ignore', 'ignore_ament_install']
[1.828s] Level 1:colcon.colcon_core.package_identification:_identify(build) by extension 'ignore'
[1.829s] Level 1:colcon.colcon_core.package_identification:_identify(build) ignored
[1.830s] Level 1:colcon.colcon_core.package_identification:_identify(install) by extensions ['ignore', 'ignore_ament_install']
[1.831s] Level 1:colcon.colcon_core.package_identification:_identify(install) by extension 'ignore'
[1.831s] Level 1:colcon.colcon_core.package_identification:_identify(install) ignored
[1.833s] Level 1:colcon.colcon_core.package_identification:_identify(log) by extensions ['ignore', 'ignore_ament_install']
[1.834s] Level 1:colcon.colcon_core.package_identification:_identify(log) by extension 'ignore'
[1.834s] Level 1:colcon.colcon_core.package_identification:_identify(log) ignored
[1.835s] Level 1:colcon.colcon_core.package_identification:_identify(src) by extensions ['ignore', 'ignore_ament_install']
[1.836s] Level 1:colcon.colcon_core.package_identification:_identify(src) by extension 'ignore'
[1.836s] Level 1:colcon.colcon_core.package_identification:_identify(src) by extension 'ignore_ament_install'
[1.837s] Level 1:colcon.colcon_core.package_identification:_identify(src) by extensions ['colcon_pkg']
[1.838s] Level 1:colcon.colcon_core.package_identification:_identify(src) by extension 'colcon_pkg'
[1.838s] Level 1:colcon.colcon_core.package_identification:_identify(src) by extensions ['colcon_meta']
[1.838s] Level 1:colcon.colcon_core.package_identification:_identify(src) by extension 'colcon_meta'
[1.839s] Level 1:colcon.colcon_core.package_identification:_identify(src) by extensions ['ros']
[1.840s] Level 1:colcon.colcon_core.package_identification:_identify(src) by extension 'ros'
[1.840s] Level 1:colcon.colcon_core.package_identification:_identify(src) by extensions ['cmake', 'python']
[1.842s] Level 1:colcon.colcon_core.package_identification:_identify(src) by extension 'cmake'
[1.843s] Level 1:colcon.colcon_core.package_identification:_identify(src) by extension 'python'
[1.845s] Level 1:colcon.colcon_core.package_identification:_identify(src) by extensions ['python_setup_py']
[1.845s] Level 1:colcon.colcon_core.package_identification:_identify(src) by extension 'python_setup_py'
[1.846s] Level 1:colcon.colcon_core.package_identification:_identify(src/my_robot_description) by extensions ['ignore', 'ignore_ament_install']
[1.847s] Level 1:colcon.colcon_core.package_identification:_identify(src/my_robot_description) by extension 'ignore'
[1.848s] Level 1:colcon.colcon_core.package_identification:_identify(src/my_robot_description) by extension 'ignore_ament_install'
[1.849s] Level 1:colcon.colcon_core.package_identification:_identify(src/my_robot_description) by extensions ['colcon_pkg']
[1.850s] Level 1:colcon.colcon_core.package_identification:_identify(src/my_robot_description) by extension 'colcon_pkg'
[1.850s] Level 1:colcon.colcon_core.package_identification:_identify(src/my_robot_description) by extensions ['colcon_meta']
[1.856s] Level 1:colcon.colcon_core.package_identification:_identify(src/my_robot_description) by extension 'colcon_meta'
[1.867s] Level 1:colcon.colcon_core.package_identification:_identify(src/my_robot_description) by extensions ['ros']
[1.868s] Level 1:colcon.colcon_core.package_identification:_identify(src/my_robot_description) by extension 'ros'
[1.876s] DEBUG:colcon.colcon_core.package_identification:Package 'src/my_robot_description' with type 'ros.ament_cmake' and name 'my_robot_description'
[1.877s] Level 1:colcon.colcon_core.package_discovery:discover_packages(recursive) using defaults
[1.879s] Level 1:colcon.colcon_core.package_discovery:discover_packages(ignore) discover
[1.879s] Level 1:colcon.colcon_core.package_discovery:discover_packages(ignore) using defaults
[1.879s] Level 1:colcon.colcon_core.package_discovery:discover_packages(path) discover
[1.879s] Level 1:colcon.colcon_core.package_discovery:discover_packages(path) using defaults
[1.993s] Level 1:colcon.colcon_core.package_discovery:discover_packages(prefix_path) check parameters
[1.994s] Level 1:colcon.colcon_core.package_discovery:discover_packages(prefix_path) discover
[2.000s] DEBUG:colcon.colcon_installed_package_information.package_discovery:Found 1 installed packages in /home/ghislain/m_robot_ws/install
[2.003s] DEBUG:colcon.colcon_installed_package_information.package_discovery:Found 419 installed packages in /opt/ros/humble
[2.022s] Level 1:colcon.colcon_core.package_discovery:discover_packages(prefix_path) using defaults
[2.294s] Level 5:colcon.colcon_core.verb:set package 'my_robot_description' build argument 'cmake_args' from command line to 'None'
[2.295s] Level 5:colcon.colcon_core.verb:set package 'my_robot_description' build argument 'cmake_target' from command line to 'None'
[2.298s] Level 5:colcon.colcon_core.verb:set package 'my_robot_description' build argument 'cmake_target_skip_unavailable' from command line to 'False'
[2.299s] Level 5:colcon.colcon_core.verb:set package 'my_robot_description' build argument 'cmake_clean_cache' from command line to 'False'
[2.300s] Level 5:colcon.colcon_core.verb:set package 'my_robot_description' build argument 'cmake_clean_first' from command line to 'False'
[2.300s] Level 5:colcon.colcon_core.verb:set package 'my_robot_description' build argument 'cmake_force_configure' from command line to 'False'
[2.301s] Level 5:colcon.colcon_core.verb:set package 'my_robot_description' build argument 'ament_cmake_args' from command line to 'None'
[2.301s] Level 5:colcon.colcon_core.verb:set package 'my_robot_description' build argument 'catkin_cmake_args' from command line to 'None'
[2.301s] Level 5:colcon.colcon_core.verb:set package 'my_robot_description' build argument 'catkin_skip_building_tests' from command line to 'False'
[2.304s] DEBUG:colcon.colcon_core.verb:Building package 'my_robot_description' with the following arguments: {'ament_cmake_args': None, 'build_base': '/home/ghislain/m_robot_ws/build/my_robot_description', 'catkin_cmake_args': None, 'catkin_skip_building_tests': False, 'cmake_args': None, 'cmake_clean_cache': False, 'cmake_clean_first': False, 'cmake_force_configure': False, 'cmake_target': None, 'cmake_target_skip_unavailable': False, 'install_base': '/home/ghislain/m_robot_ws/install/my_robot_description', 'merge_install': False, 'path': '/home/ghislain/m_robot_ws/src/my_robot_description', 'symlink_install': False, 'test_result_base': None}
[2.305s] INFO:colcon.colcon_core.executor:Executing jobs using 'parallel' executor
[2.314s] DEBUG:colcon.colcon_parallel_executor.executor.parallel:run_until_complete
[2.324s] INFO:colcon.colcon_ros.task.ament_cmake.build:Building ROS package in '/home/ghislain/m_robot_ws/src/my_robot_description' with build type 'ament_cmake'
[2.326s] INFO:colcon.colcon_cmake.task.cmake.build:Building CMake package in '/home/ghislain/m_robot_ws/src/my_robot_description'
[2.341s] INFO:colcon.colcon_core.plugin_system:Skipping extension 'colcon_core.shell.bat': Not used on non-Windows systems
[2.371s] INFO:colcon.colcon_core.shell:Skip shell extension 'powershell' for command environment: Not usable outside of PowerShell
[2.378s] DEBUG:colcon.colcon_core.shell:Skip shell extension 'dsv' for command environment
[2.652s] DEBUG:colcon.colcon_core.event_handler.log_command:Invoking command in '/home/ghislain/m_robot_ws/build/my_robot_description': CMAKE_PREFIX_PATH=${CMAKE_PREFIX_PATH}:/opt/ros/humble /usr/bin/cmake --build /home/ghislain/m_robot_ws/build/my_robot_description -- -j4 -l4
[2.859s] DEBUG:colcon.colcon_core.event_handler.log_command:Invoked command in '/home/ghislain/m_robot_ws/build/my_robot_description' returned '0': CMAKE_PREFIX_PATH=${CMAKE_PREFIX_PATH}:/opt/ros/humble /usr/bin/cmake --build /home/ghislain/m_robot_ws/build/my_robot_description -- -j4 -l4
[2.913s] DEBUG:colcon.colcon_core.event_handler.log_command:Invoking command in '/home/ghislain/m_robot_ws/build/my_robot_description': CMAKE_PREFIX_PATH=${CMAKE_PREFIX_PATH}:/opt/ros/humble /usr/bin/cmake --install /home/ghislain/m_robot_ws/build/my_robot_description
[2.960s] Level 1:colcon.colcon_core.environment:create_environment_scripts_only(my_robot_description)
[2.982s] Level 1:colcon.colcon_core.environment:checking '/home/ghislain/m_robot_ws/install/my_robot_description' for CMake module files
[2.984s] Level 1:colcon.colcon_core.environment:checking '/home/ghislain/m_robot_ws/install/my_robot_description' for CMake config files
[2.986s] Level 1:colcon.colcon_core.shell:create_environment_hook('my_robot_description', 'cmake_prefix_path')
[2.987s] INFO:colcon.colcon_core.shell:Creating environment hook '/home/ghislain/m_robot_ws/install/my_robot_description/share/my_robot_description/hook/cmake_prefix_path.ps1'
[2.990s] INFO:colcon.colcon_core.shell:Creating environment descriptor '/home/ghislain/m_robot_ws/install/my_robot_description/share/my_robot_description/hook/cmake_prefix_path.dsv'
[3.024s] INFO:colcon.colcon_core.shell:Creating environment hook '/home/ghislain/m_robot_ws/install/my_robot_description/share/my_robot_description/hook/cmake_prefix_path.sh'
[3.028s] Level 1:colcon.colcon_core.environment:checking '/home/ghislain/m_robot_ws/install/my_robot_description/bin'
[3.037s] Level 1:colcon.colcon_core.environment:checking '/home/ghislain/m_robot_ws/install/my_robot_description/lib/pkgconfig/my_robot_description.pc'
[3.039s] Level 1:colcon.colcon_core.environment:checking '/home/ghislain/m_robot_ws/install/my_robot_description/lib/python3.10/site-packages'
[3.041s] Level 1:colcon.colcon_core.environment:checking '/home/ghislain/m_robot_ws/install/my_robot_description/bin'
[3.042s] INFO:colcon.colcon_core.shell:Creating package script '/home/ghislain/m_robot_ws/install/my_robot_description/share/my_robot_description/package.ps1'
[3.047s] INFO:colcon.colcon_core.shell:Creating package descriptor '/home/ghislain/m_robot_ws/install/my_robot_description/share/my_robot_description/package.dsv'
[3.037s] DEBUG:colcon.colcon_core.event_handler.log_command:Invoked command in '/home/ghislain/m_robot_ws/build/my_robot_description' returned '0': CMAKE_PREFIX_PATH=${CMAKE_PREFIX_PATH}:/opt/ros/humble /usr/bin/cmake --install /home/ghislain/m_robot_ws/build/my_robot_description
[3.051s] INFO:colcon.colcon_core.shell:Creating package script '/home/ghislain/m_robot_ws/install/my_robot_description/share/my_robot_description/package.sh'
[3.056s] INFO:colcon.colcon_core.shell:Creating package script '/home/ghislain/m_robot_ws/install/my_robot_description/share/my_robot_description/package.bash'
[3.060s] INFO:colcon.colcon_core.shell:Creating package script '/home/ghislain/m_robot_ws/install/my_robot_description/share/my_robot_description/package.zsh'
[3.064s] Level 1:colcon.colcon_core.environment:create_file_with_runtime_dependencies(/home/ghislain/m_robot_ws/install/my_robot_description/share/colcon-core/packages/my_robot_description)
[3.067s] Level 1:colcon.colcon_core.environment:create_environment_scripts_only(my_robot_description)
[3.069s] Level 1:colcon.colcon_core.environment:checking '/home/ghislain/m_robot_ws/install/my_robot_description' for CMake module files
[3.074s] Level 1:colcon.colcon_core.environment:checking '/home/ghislain/m_robot_ws/install/my_robot_description' for CMake config files
[3.075s] Level 1:colcon.colcon_core.shell:create_environment_hook('my_robot_description', 'cmake_prefix_path')
[3.076s] INFO:colcon.colcon_core.shell:Creating environment hook '/home/ghislain/m_robot_ws/install/my_robot_description/share/my_robot_description/hook/cmake_prefix_path.ps1'
[3.079s] INFO:colcon.colcon_core.shell:Creating environment descriptor '/home/ghislain/m_robot_ws/install/my_robot_description/share/my_robot_description/hook/cmake_prefix_path.dsv'
[3.082s] INFO:colcon.colcon_core.shell:Creating environment hook '/home/ghislain/m_robot_ws/install/my_robot_description/share/my_robot_description/hook/cmake_prefix_path.sh'
[3.085s] Level 1:colcon.colcon_core.environment:checking '/home/ghislain/m_robot_ws/install/my_robot_description/bin'
[3.086s] Level 1:colcon.colcon_core.environment:checking '/home/ghislain/m_robot_ws/install/my_robot_description/lib/pkgconfig/my_robot_description.pc'
[3.089s] Level 1:colcon.colcon_core.environment:checking '/home/ghislain/m_robot_ws/install/my_robot_description/lib/python3.10/site-packages'
[3.092s] Level 1:colcon.colcon_core.environment:checking '/home/ghislain/m_robot_ws/install/my_robot_description/bin'
[3.094s] INFO:colcon.colcon_core.shell:Creating package script '/home/ghislain/m_robot_ws/install/my_robot_description/share/my_robot_description/package.ps1'
[3.098s] INFO:colcon.colcon_core.shell:Creating package descriptor '/home/ghislain/m_robot_ws/install/my_robot_description/share/my_robot_description/package.dsv'
[3.103s] INFO:colcon.colcon_core.shell:Creating package script '/home/ghislain/m_robot_ws/install/my_robot_description/share/my_robot_description/package.sh'
[3.126s] INFO:colcon.colcon_core.shell:Creating package script '/home/ghislain/m_robot_ws/install/my_robot_description/share/my_robot_description/package.bash'
[3.130s] INFO:colcon.colcon_core.shell:Creating package script '/home/ghislain/m_robot_ws/install/my_robot_description/share/my_robot_description/package.zsh'
[3.133s] Level 1:colcon.colcon_core.environment:create_file_with_runtime_dependencies(/home/ghislain/m_robot_ws/install/my_robot_description/share/colcon-core/packages/my_robot_description)
[3.160s] DEBUG:colcon.colcon_parallel_executor.executor.parallel:closing loop
[3.162s] DEBUG:colcon.colcon_parallel_executor.executor.parallel:loop closed
[3.162s] DEBUG:colcon.colcon_parallel_executor.executor.parallel:run_until_complete finished with '0'
[3.163s] DEBUG:colcon.colcon_core.event_reactor:joining thread
[3.180s] INFO:colcon.colcon_core.plugin_system:Skipping extension 'colcon_notification.desktop_notification.terminal_notifier': Not used on non-Darwin systems
[3.180s] INFO:colcon.colcon_core.plugin_system:Skipping extension 'colcon_notification.desktop_notification.win32': Not used on non-Windows systems
[3.181s] INFO:colcon.colcon_notification.desktop_notification:Sending desktop notification using 'notify2'
[3.424s] DEBUG:colcon.colcon_core.event_reactor:joined thread
[3.426s] INFO:colcon.colcon_core.shell:Creating prefix script '/home/ghislain/m_robot_ws/install/local_setup.ps1'
[3.438s] INFO:colcon.colcon_core.shell:Creating prefix util module '/home/ghislain/m_robot_ws/install/_local_setup_util_ps1.py'
[3.450s] INFO:colcon.colcon_core.shell:Creating prefix chain script '/home/ghislain/m_robot_ws/install/setup.ps1'
[3.461s] INFO:colcon.colcon_core.shell:Creating prefix script '/home/ghislain/m_robot_ws/install/local_setup.sh'
[3.463s] INFO:colcon.colcon_core.shell:Creating prefix util module '/home/ghislain/m_robot_ws/install/_local_setup_util_sh.py'
[3.467s] INFO:colcon.colcon_core.shell:Creating prefix chain script '/home/ghislain/m_robot_ws/install/setup.sh'
[3.484s] INFO:colcon.colcon_core.shell:Creating prefix script '/home/ghislain/m_robot_ws/install/local_setup.bash'
[3.500s] INFO:colcon.colcon_core.shell:Creating prefix chain script '/home/ghislain/m_robot_ws/install/setup.bash'
[3.504s] INFO:colcon.colcon_core.shell:Creating prefix script '/home/ghislain/m_robot_ws/install/local_setup.zsh'
[3.508s] INFO:colcon.colcon_core.shell:Creating prefix chain script '/home/ghislain/m_robot_ws/install/setup.zsh'
