[0.181s] Invoking command in '/home/ghislain/m_robot_ws/build/my_robot_description': CMAKE_PREFIX_PATH=${CMAKE_PREFIX_PATH}:/opt/ros/humble /usr/bin/cmake --build /home/ghislain/m_robot_ws/build/my_robot_description -- -j4 -l4
[1.598s] Invoked command in '/home/ghislain/m_robot_ws/build/my_robot_description' returned '0': CMAKE_PREFIX_PATH=${CMAKE_PREFIX_PATH}:/opt/ros/humble /usr/bin/cmake --build /home/ghislain/m_robot_ws/build/my_robot_description -- -j4 -l4
[1.707s] Invoking command in '/home/ghislain/m_robot_ws/build/my_robot_description': CMAKE_PREFIX_PATH=${CMAKE_PREFIX_PATH}:/opt/ros/humble /usr/bin/cmake --install /home/ghislain/m_robot_ws/build/my_robot_description
[1.896s] -- Install configuration: ""
[1.902s] -- Up-to-date: /home/ghislain/m_robot_ws/install/my_robot_description/share/my_robot_description/launch
[1.927s] -- Up-to-date: /home/ghislain/m_robot_ws/install/my_robot_description/share/my_robot_description/launch/online_async_launch.py
[1.927s] -- Up-to-date: /home/ghislain/m_robot_ws/install/my_robot_description/share/my_robot_description/launch/localization_launch.py
[1.927s] -- Up-to-date: /home/ghislain/m_robot_ws/install/my_robot_description/share/my_robot_description/launch/navigation_launch.py
[1.928s] -- Up-to-date: /home/ghislain/m_robot_ws/install/my_robot_description/share/my_robot_description/launch/slam.launch.py
[1.928s] -- Up-to-date: /home/ghislain/m_robot_ws/install/my_robot_description/share/my_robot_description/launch/display.launch.py
[1.929s] -- Up-to-date: /home/ghislain/m_robot_ws/install/my_robot_description/share/my_robot_description/launch/gazebo.launch.py
[1.978s] -- Up-to-date: /home/ghislain/m_robot_ws/install/my_robot_description/share/my_robot_description/launch/ekf.launch.py
[1.979s] -- Up-to-date: /home/ghislain/m_robot_ws/install/my_robot_description/share/my_robot_description/launch/gazbo.launch.py
[1.980s] -- Up-to-date: /home/ghislain/m_robot_ws/install/my_robot_description/share/my_robot_description/launch/rtabmap.launch.py
[1.981s] -- Up-to-date: /home/ghislain/m_robot_ws/install/my_robot_description/share/my_robot_description/urdf
[1.981s] -- Up-to-date: /home/ghislain/m_robot_ws/install/my_robot_description/share/my_robot_description/urdf/m_robot.urdf
[1.981s] -- Up-to-date: /home/ghislain/m_robot_ws/install/my_robot_description/share/my_robot_description/urdf/m_robot.xacro
[1.981s] -- Up-to-date: /home/ghislain/m_robot_ws/install/my_robot_description/share/my_robot_description/config
[1.982s] -- Installing: /home/ghislain/m_robot_ws/install/my_robot_description/share/my_robot_description/config/mapper_params_online_async.yaml
[1.985s] -- Up-to-date: /home/ghislain/m_robot_ws/install/my_robot_description/share/my_robot_description/config/mapper_param_online_async.yaml
[1.987s] -- Up-to-date: /home/ghislain/m_robot_ws/install/my_robot_description/share/my_robot_description/config/ekf.yaml
[2.070s] -- Up-to-date: /home/ghislain/m_robot_ws/install/my_robot_description/share/my_robot_description/config/rtabmap.yaml
[2.256s] -- Up-to-date: /home/ghislain/m_robot_ws/install/my_robot_description/share/my_robot_description/config/controllers.yaml
[2.257s] -- Up-to-date: /home/ghislain/m_robot_ws/install/my_robot_description/share/my_robot_description/config/nav2_params.yaml
[2.260s] -- Up-to-date: /home/ghislain/m_robot_ws/install/my_robot_description/share/my_robot_description/rviz
[2.269s] -- Up-to-date: /home/ghislain/m_robot_ws/install/my_robot_description/share/my_robot_description/rviz/robot.rviz
[2.282s] -- Up-to-date: /home/ghislain/m_robot_ws/install/my_robot_description/share/my_robot_description/worlds
[2.282s] -- Up-to-date: /home/ghislain/m_robot_ws/install/my_robot_description/share/my_robot_description/worlds/my_world.world
[2.289s] -- Up-to-date: /home/ghislain/m_robot_ws/install/my_robot_description/share/my_robot_description/worlds/befehle.world
[2.290s] -- Up-to-date: /home/ghislain/m_robot_ws/install/my_robot_description/share/ament_index/resource_index/package_run_dependencies/my_robot_description
[2.290s] -- Up-to-date: /home/ghislain/m_robot_ws/install/my_robot_description/share/ament_index/resource_index/parent_prefix_path/my_robot_description
[2.291s] -- Up-to-date: /home/ghislain/m_robot_ws/install/my_robot_description/share/my_robot_description/environment/ament_prefix_path.sh
[2.291s] -- Up-to-date: /home/ghislain/m_robot_ws/install/my_robot_description/share/my_robot_description/environment/ament_prefix_path.dsv
[2.292s] -- Up-to-date: /home/ghislain/m_robot_ws/install/my_robot_description/share/my_robot_description/environment/path.sh
[2.292s] -- Up-to-date: /home/ghislain/m_robot_ws/install/my_robot_description/share/my_robot_description/environment/path.dsv
[2.292s] -- Up-to-date: /home/ghislain/m_robot_ws/install/my_robot_description/share/my_robot_description/local_setup.bash
[2.293s] -- Up-to-date: /home/ghislain/m_robot_ws/install/my_robot_description/share/my_robot_description/local_setup.sh
[2.293s] -- Up-to-date: /home/ghislain/m_robot_ws/install/my_robot_description/share/my_robot_description/local_setup.zsh
[2.294s] -- Up-to-date: /home/ghislain/m_robot_ws/install/my_robot_description/share/my_robot_description/local_setup.dsv
[2.294s] -- Installing: /home/ghislain/m_robot_ws/install/my_robot_description/share/my_robot_description/package.dsv
[2.294s] -- Up-to-date: /home/ghislain/m_robot_ws/install/my_robot_description/share/ament_index/resource_index/packages/my_robot_description
[2.295s] -- Up-to-date: /home/ghislain/m_robot_ws/install/my_robot_description/share/my_robot_description/cmake/my_robot_descriptionConfig.cmake
[2.295s] -- Up-to-date: /home/ghislain/m_robot_ws/install/my_robot_description/share/my_robot_description/cmake/my_robot_descriptionConfig-version.cmake
[2.295s] -- Up-to-date: /home/ghislain/m_robot_ws/install/my_robot_description/share/my_robot_description/package.xml
[2.296s] Invoked command in '/home/ghislain/m_robot_ws/build/my_robot_description' returned '0': CMAKE_PREFIX_PATH=${CMAKE_PREFIX_PATH}:/opt/ros/humble /usr/bin/cmake --install /home/ghislain/m_robot_ws/build/my_robot_description
