[0.053s] Invoking command in '/home/ghislain/m_robot_ws/build/my_robot_description': CMAKE_PREFIX_PATH=${CMAKE_PREFIX_PATH}:/opt/ros/humble /usr/bin/cmake --build /home/ghislain/m_robot_ws/build/my_robot_description -- -j4 -l4
[0.224s] Invoked command in '/home/ghislain/m_robot_ws/build/my_robot_description' returned '0': CMAKE_PREFIX_PATH=${CMAKE_PREFIX_PATH}:/opt/ros/humble /usr/bin/cmake --build /home/ghislain/m_robot_ws/build/my_robot_description -- -j4 -l4
[0.254s] Invoking command in '/home/ghislain/m_robot_ws/build/my_robot_description': CMAKE_PREFIX_PATH=${CMAKE_PREFIX_PATH}:/opt/ros/humble /usr/bin/cmake --install /home/ghislain/m_robot_ws/build/my_robot_description
[0.284s] -- Install configuration: ""
[0.286s] -- Up-to-date: /home/ghislain/m_robot_ws/install/my_robot_description/share/my_robot_description/launch
[0.288s] -- Up-to-date: /home/ghislain/m_robot_ws/install/my_robot_description/share/my_robot_description/launch/slam.launch.py
[0.290s] -- Up-to-date: /home/ghislain/m_robot_ws/install/my_robot_description/share/my_robot_description/launch/display.launch.py
[0.291s] -- Up-to-date: /home/ghislain/m_robot_ws/install/my_robot_description/share/my_robot_description/launch/gazebo.launch.py
[0.292s] -- Up-to-date: /home/ghislain/m_robot_ws/install/my_robot_description/share/my_robot_description/launch/ekf.launch.py
[0.293s] -- Up-to-date: /home/ghislain/m_robot_ws/install/my_robot_description/share/my_robot_description/urdf
[0.300s] -- Installing: /home/ghislain/m_robot_ws/install/my_robot_description/share/my_robot_description/urdf/m_robot.xacro
[0.301s] -- Up-to-date: /home/ghislain/m_robot_ws/install/my_robot_description/share/my_robot_description/config
[0.307s] -- Up-to-date: /home/ghislain/m_robot_ws/install/my_robot_description/share/my_robot_description/config/mapper_params_online_async.yaml
[0.308s] -- Up-to-date: /home/ghislain/m_robot_ws/install/my_robot_description/share/my_robot_description/config/ekf.yaml
[0.313s] -- Up-to-date: /home/ghislain/m_robot_ws/install/my_robot_description/share/my_robot_description/config/controllers.yaml
[0.314s] -- Up-to-date: /home/ghislain/m_robot_ws/install/my_robot_description/share/my_robot_description/rviz
[0.316s] -- Up-to-date: /home/ghislain/m_robot_ws/install/my_robot_description/share/my_robot_description/rviz/robot.rviz
[0.316s] -- Up-to-date: /home/ghislain/m_robot_ws/install/my_robot_description/share/my_robot_description/worlds
[0.317s] -- Up-to-date: /home/ghislain/m_robot_ws/install/my_robot_description/share/my_robot_description/worlds/my_world.world
[0.318s] -- Up-to-date: /home/ghislain/m_robot_ws/install/my_robot_description/share/my_robot_description/worlds/befehle.world
[0.320s] -- Up-to-date: /home/ghislain/m_robot_ws/install/my_robot_description/share/ament_index/resource_index/package_run_dependencies/my_robot_description
[0.321s] -- Up-to-date: /home/ghislain/m_robot_ws/install/my_robot_description/share/ament_index/resource_index/parent_prefix_path/my_robot_description
[0.322s] -- Up-to-date: /home/ghislain/m_robot_ws/install/my_robot_description/share/my_robot_description/environment/ament_prefix_path.sh
[0.322s] -- Up-to-date: /home/ghislain/m_robot_ws/install/my_robot_description/share/my_robot_description/environment/ament_prefix_path.dsv
[0.323s] -- Up-to-date: /home/ghislain/m_robot_ws/install/my_robot_description/share/my_robot_description/environment/path.sh
[0.324s] -- Up-to-date: /home/ghislain/m_robot_ws/install/my_robot_description/share/my_robot_description/environment/path.dsv
[0.324s] -- Up-to-date: /home/ghislain/m_robot_ws/install/my_robot_description/share/my_robot_description/local_setup.bash
[0.324s] -- Up-to-date: /home/ghislain/m_robot_ws/install/my_robot_description/share/my_robot_description/local_setup.sh
[0.325s] -- Up-to-date: /home/ghislain/m_robot_ws/install/my_robot_description/share/my_robot_description/local_setup.zsh
[0.325s] -- Up-to-date: /home/ghislain/m_robot_ws/install/my_robot_description/share/my_robot_description/local_setup.dsv
[0.325s] -- Installing: /home/ghislain/m_robot_ws/install/my_robot_description/share/my_robot_description/package.dsv
[0.326s] -- Up-to-date: /home/ghislain/m_robot_ws/install/my_robot_description/share/ament_index/resource_index/packages/my_robot_description
[0.327s] -- Up-to-date: /home/ghislain/m_robot_ws/install/my_robot_description/share/my_robot_description/cmake/my_robot_descriptionConfig.cmake
[0.328s] -- Up-to-date: /home/ghislain/m_robot_ws/install/my_robot_description/share/my_robot_description/cmake/my_robot_descriptionConfig-version.cmake
[0.328s] -- Up-to-date: /home/ghislain/m_robot_ws/install/my_robot_description/share/my_robot_description/package.xml
[0.329s] Invoked command in '/home/ghislain/m_robot_ws/build/my_robot_description' returned '0': CMAKE_PREFIX_PATH=${CMAKE_PREFIX_PATH}:/opt/ros/humble /usr/bin/cmake --install /home/ghislain/m_robot_ws/build/my_robot_description
