[0.048s] Invoking command in '/home/ghislain/m_robot_ws/build/my_robot_description': CMAKE_PREFIX_PATH=${CMAKE_PREFIX_PATH}:/opt/ros/humble /usr/bin/cmake /home/ghislain/m_robot_ws/src/my_robot_description -DCMAKE_INSTALL_PREFIX=/home/ghislain/m_robot_ws/install/my_robot_description
[0.221s] -- The C compiler identification is GNU 11.4.0
[0.356s] -- The CXX compiler identification is GNU 11.4.0
[0.375s] -- Detecting C compiler ABI info
[0.533s] -- Detecting C compiler ABI info - done
[0.554s] -- Check for working C compiler: /usr/bin/cc - skipped
[0.555s] -- Detecting C compile features
[0.556s] -- Detecting C compile features - done
[0.564s] -- Detecting CXX compiler ABI info
[0.765s] -- Detecting CXX compiler ABI info - done
[0.785s] -- Check for working CXX compiler: /usr/bin/c++ - skipped
[0.786s] -- Detecting CXX compile features
[0.787s] -- Detecting CXX compile features - done
[0.791s] -- Found ament_cmake: 1.3.14 (/opt/ros/humble/share/ament_cmake/cmake)
[1.098s] -- Found Python3: /usr/bin/python3 (found version "3.10.12") found components: Interpreter 
[1.282s] -- Found rclcpp: 16.0.19 (/opt/ros/humble/share/rclcpp/cmake)
[1.365s] -- Found rosidl_generator_c: 3.1.8 (/opt/ros/humble/share/rosidl_generator_c/cmake)
[1.373s] -- Found rosidl_adapter: 3.1.8 (/opt/ros/humble/share/rosidl_adapter/cmake)
[1.391s] -- Found rosidl_generator_cpp: 3.1.8 (/opt/ros/humble/share/rosidl_generator_cpp/cmake)
[1.416s] -- Using all available rosidl_typesupport_c: rosidl_typesupport_fastrtps_c;rosidl_typesupport_introspection_c
[1.448s] -- Using all available rosidl_typesupport_cpp: rosidl_typesupport_fastrtps_cpp;rosidl_typesupport_introspection_cpp
[1.554s] -- Found rmw_implementation_cmake: 6.1.2 (/opt/ros/humble/share/rmw_implementation_cmake/cmake)
[1.560s] -- Found rmw_fastrtps_cpp: 6.2.10 (/opt/ros/humble/share/rmw_fastrtps_cpp/cmake)
[1.743s] -- Found OpenSSL: /usr/lib/x86_64-linux-gnu/libcrypto.so (found version "3.0.2")  
[1.803s] -- Found FastRTPS: /opt/ros/humble/include  
[1.886s] -- Using RMW implementation 'rmw_fastrtps_cpp' as default
[1.905s] -- Looking for pthread.h
[2.049s] -- Looking for pthread.h - found
[2.050s] -- Performing Test CMAKE_HAVE_LIBC_PTHREAD
[2.222s] -- Performing Test CMAKE_HAVE_LIBC_PTHREAD - Success
[2.223s] -- Found Threads: TRUE  
[2.350s] -- Found urdf: 2.6.1 (/opt/ros/humble/share/urdf/cmake)
[2.416s] -- Found robot_state_publisher: 3.0.3 (/opt/ros/humble/share/robot_state_publisher/cmake)
[2.473s] -- Found eigen3_cmake_module: 0.1.1 (/opt/ros/humble/share/eigen3_cmake_module/cmake)
[2.476s] -- Found Eigen3: TRUE (found version "3.4.0") 
[2.477s] -- Ensuring Eigen3 include directory is part of orocos-kdl CMake target
[2.764s] -- Found gazebo_ros: 3.9.0 (/opt/ros/humble/share/gazebo_ros/cmake)
[2.786s] -- Found PkgConfig: /usr/bin/pkg-config (found version "0.29.2") 
[2.792s] -- Checking for module 'bullet>=2.82'
[2.819s] --   Found bullet, version 3.05
[3.046s] -- Found fcl: /usr/include (found suitable version "0.7.0", minimum required is "0.5.0") 
[3.167s] -- Found assimp: /usr/include (found version "5.2.0") 
[3.205s] -- Found DART: /usr/include (Required is at least version "6.6") found components: dart 
[3.260s] -- Found Boost: /usr/lib/x86_64-linux-gnu/cmake/Boost-1.74.0/BoostConfig.cmake (found suitable version "1.74.0", minimum required is "1.40.0") found components: thread system filesystem program_options regex iostreams date_time 
[3.298s] -- Found Protobuf: /usr/lib/x86_64-linux-gnu/libprotobuf.so (found version "3.12.4") 
[3.305s] -- Looking for ignition-math6 -- found version 6.15.1
[3.318s] -- Searching for dependencies of ignition-math6
[3.322s] -- Looking for OGRE...
[3.323s] -- OGRE_PREFIX_WATCH changed.
[3.338s] -- Checking for module 'OGRE'
[3.365s] --   Found OGRE, version 1.9.0
[3.450s] -- Found Ogre Ghadamon (1.9.0)
[3.468s] -- Found OGRE: optimized;/usr/lib/x86_64-linux-gnu/libOgreMain.so;debug;/usr/lib/x86_64-linux-gnu/libOgreMain.so
[3.489s] -- Looking for OGRE_Paging...
[3.515s] -- Found OGRE_Paging: optimized;/usr/lib/x86_64-linux-gnu/libOgrePaging.so;debug;/usr/lib/x86_64-linux-gnu/libOgrePaging.so
[3.516s] -- Looking for OGRE_Terrain...
[3.534s] -- Found OGRE_Terrain: optimized;/usr/lib/x86_64-linux-gnu/libOgreTerrain.so;debug;/usr/lib/x86_64-linux-gnu/libOgreTerrain.so
[3.534s] -- Looking for OGRE_Property...
[3.550s] -- Found OGRE_Property: optimized;/usr/lib/x86_64-linux-gnu/libOgreProperty.so;debug;/usr/lib/x86_64-linux-gnu/libOgreProperty.so
[3.551s] -- Looking for OGRE_RTShaderSystem...
[3.568s] -- Found OGRE_RTShaderSystem: optimized;/usr/lib/x86_64-linux-gnu/libOgreRTShaderSystem.so;debug;/usr/lib/x86_64-linux-gnu/libOgreRTShaderSystem.so
[3.568s] -- Looking for OGRE_Volume...
[3.587s] -- Found OGRE_Volume: optimized;/usr/lib/x86_64-linux-gnu/libOgreVolume.so;debug;/usr/lib/x86_64-linux-gnu/libOgreVolume.so
[3.587s] -- Looking for OGRE_Overlay...
[3.615s] -- Found OGRE_Overlay: optimized;/usr/lib/x86_64-linux-gnu/libOgreOverlay.so;debug;/usr/lib/x86_64-linux-gnu/libOgreOverlay.so
[3.993s] -- Looking for ignition-math6 -- found version 6.15.1
[3.996s] -- Looking for ignition-transport8 -- found version 8.2.1
[3.998s] -- Searching for dependencies of ignition-transport8
[4.032s] -- Found Protobuf: /usr/lib/x86_64-linux-gnu/libprotobuf.so (found suitable version "3.12.4", minimum required is "3") 
[4.053s] -- Config-file not installed for ZeroMQ -- checking for pkg-config
[4.063s] -- Checking for module 'libzmq >= 4'
[4.093s] --   Found libzmq , version 4.3.4
[4.186s] -- Found ZeroMQ: TRUE (Required is at least version "4") 
[4.199s] -- Checking for module 'uuid'
[4.235s] --   Found uuid, version 2.37.2
[4.322s] -- Found UUID: TRUE  
[4.326s] -- Looking for ignition-msgs5 -- found version 5.8.1
[4.329s] -- Searching for dependencies of ignition-msgs5
[4.364s] -- Looking for ignition-math6 -- found version 6.15.1
[4.375s] -- Checking for module 'tinyxml2'
[4.405s] --   Found tinyxml2, version 9.0.0
[4.497s] -- Looking for ignition-msgs5 -- found version 5.8.1
[4.501s] -- Looking for ignition-common3 -- found version 3.14.0
[4.503s] -- Searching for dependencies of ignition-common3
[4.504s] -- Looking for dlfcn.h - found
[4.506s] -- Looking for libdl - found
[4.510s] -- Found DL: TRUE  
[4.543s] -- Found tinyobjloader: /usr/lib/x86_64-linux-gnu/cmake/tinyobjloader/tinyobjloader-config.cmake (found version "2.0.0") 
[4.545s] -- Searching for <ignition-common3> component [graphics]
[4.548s] -- Looking for ignition-common3-graphics -- found version 3.14.0
[4.551s] -- Searching for dependencies of ignition-common3-graphics
[4.555s] -- Looking for ignition-math6 -- found version 6.15.1
[4.560s] -- Looking for ignition-fuel_tools4 -- found version 4.4.0
[4.562s] -- Searching for dependencies of ignition-fuel_tools4
[4.747s] -- Found CURL: /usr/lib/x86_64-linux-gnu/libcurl.so (found version "7.81.0")  
[4.766s] -- Checking for module 'jsoncpp'
[4.795s] --   Found jsoncpp, version 1.9.5
[4.885s] -- Found JSONCPP: TRUE  
[4.898s] -- Checking for module 'libzip'
[4.938s] --   Found libzip, version 1.7.3
[5.013s] -- Found ZIP: TRUE  
[5.015s] -- Looking for ignition-common3 -- found version 3.14.0
[5.018s] -- Looking for ignition-math6 -- found version 6.15.1
[5.019s] -- Looking for ignition-msgs5 -- found version 5.8.1
[5.026s] -- Gazebo version: 11.10
[5.029s] -- Checking for module 'tbb'
[5.061s] --   Found tbb, version 2021.5.0
[5.143s] -- Found gazebo_ros2_control: 0.4.10 (/opt/ros/humble/share/gazebo_ros2_control/cmake)
[5.403s] -- Found ament_lint_auto: 0.12.15 (/opt/ros/humble/share/ament_lint_auto/cmake)
[5.579s] -- Added test 'flake8' to check Python code syntax and style conventions
[5.582s] -- Added test 'lint_cmake' to check CMake code style
[5.584s] -- Added test 'pep257' to check Python code against some of the docstring style conventions in PEP 257
[5.588s] -- Added test 'xmllint' to check XML markup files
[5.591s] -- Configuring done
[5.610s] -- Generating done
[5.622s] -- Build files have been written to: /home/ghislain/m_robot_ws/build/my_robot_description
[5.657s] Invoked command in '/home/ghislain/m_robot_ws/build/my_robot_description' returned '0': CMAKE_PREFIX_PATH=${CMAKE_PREFIX_PATH}:/opt/ros/humble /usr/bin/cmake /home/ghislain/m_robot_ws/src/my_robot_description -DCMAKE_INSTALL_PREFIX=/home/ghislain/m_robot_ws/install/my_robot_description
[5.665s] Invoking command in '/home/ghislain/m_robot_ws/build/my_robot_description': CMAKE_PREFIX_PATH=${CMAKE_PREFIX_PATH}:/opt/ros/humble /usr/bin/cmake --build /home/ghislain/m_robot_ws/build/my_robot_description -- -j4 -l4
[5.760s] Invoked command in '/home/ghislain/m_robot_ws/build/my_robot_description' returned '0': CMAKE_PREFIX_PATH=${CMAKE_PREFIX_PATH}:/opt/ros/humble /usr/bin/cmake --build /home/ghislain/m_robot_ws/build/my_robot_description -- -j4 -l4
[5.793s] Invoking command in '/home/ghislain/m_robot_ws/build/my_robot_description': CMAKE_PREFIX_PATH=${CMAKE_PREFIX_PATH}:/opt/ros/humble /usr/bin/cmake --install /home/ghislain/m_robot_ws/build/my_robot_description
[5.812s] -- Install configuration: ""
[5.813s] -- Installing: /home/ghislain/m_robot_ws/install/my_robot_description/share/my_robot_description/launch
[5.814s] -- Installing: /home/ghislain/m_robot_ws/install/my_robot_description/share/my_robot_description/launch/display.launch.py
[5.815s] -- Installing: /home/ghislain/m_robot_ws/install/my_robot_description/share/my_robot_description/launch/gazebo.launch.py
[5.816s] -- Installing: /home/ghislain/m_robot_ws/install/my_robot_description/share/my_robot_description/launch/ekf.launch.py
[5.817s] -- Installing: /home/ghislain/m_robot_ws/install/my_robot_description/share/my_robot_description/urdf
[5.818s] -- Installing: /home/ghislain/m_robot_ws/install/my_robot_description/share/my_robot_description/urdf/m_robot.xacro
[5.819s] -- Installing: /home/ghislain/m_robot_ws/install/my_robot_description/share/my_robot_description/config
[5.820s] -- Installing: /home/ghislain/m_robot_ws/install/my_robot_description/share/my_robot_description/config/ekf.yaml
[5.821s] -- Installing: /home/ghislain/m_robot_ws/install/my_robot_description/share/my_robot_description/config/controllers.yaml
[5.821s] -- Installing: /home/ghislain/m_robot_ws/install/my_robot_description/share/my_robot_description/rviz
[5.822s] -- Installing: /home/ghislain/m_robot_ws/install/my_robot_description/share/my_robot_description/rviz/robot.rviz
[5.823s] -- Installing: /home/ghislain/m_robot_ws/install/my_robot_description/share/my_robot_description/worlds
[5.825s] -- Installing: /home/ghislain/m_robot_ws/install/my_robot_description/share/my_robot_description/worlds/my_world.world
[5.825s] -- Installing: /home/ghislain/m_robot_ws/install/my_robot_description/share/my_robot_description/worlds/befehle.world
[5.826s] -- Installing: /home/ghislain/m_robot_ws/install/my_robot_description/share/ament_index/resource_index/package_run_dependencies/my_robot_description
[5.826s] -- Installing: /home/ghislain/m_robot_ws/install/my_robot_description/share/ament_index/resource_index/parent_prefix_path/my_robot_description
[5.826s] -- Installing: /home/ghislain/m_robot_ws/install/my_robot_description/share/my_robot_description/environment/ament_prefix_path.sh
[5.826s] -- Installing: /home/ghislain/m_robot_ws/install/my_robot_description/share/my_robot_description/environment/ament_prefix_path.dsv
[5.827s] -- Installing: /home/ghislain/m_robot_ws/install/my_robot_description/share/my_robot_description/environment/path.sh
[5.828s] -- Installing: /home/ghislain/m_robot_ws/install/my_robot_description/share/my_robot_description/environment/path.dsv
[5.829s] -- Installing: /home/ghislain/m_robot_ws/install/my_robot_description/share/my_robot_description/local_setup.bash
[5.829s] -- Installing: /home/ghislain/m_robot_ws/install/my_robot_description/share/my_robot_description/local_setup.sh
[5.830s] -- Installing: /home/ghislain/m_robot_ws/install/my_robot_description/share/my_robot_description/local_setup.zsh
[5.831s] -- Installing: /home/ghislain/m_robot_ws/install/my_robot_description/share/my_robot_description/local_setup.dsv
[5.831s] -- Installing: /home/ghislain/m_robot_ws/install/my_robot_description/share/my_robot_description/package.dsv
[5.831s] -- Installing: /home/ghislain/m_robot_ws/install/my_robot_description/share/ament_index/resource_index/packages/my_robot_description
[5.834s] -- Installing: /home/ghislain/m_robot_ws/install/my_robot_description/share/my_robot_description/cmake/my_robot_descriptionConfig.cmake
[5.836s] -- Installing: /home/ghislain/m_robot_ws/install/my_robot_description/share/my_robot_description/cmake/my_robot_descriptionConfig-version.cmake
[5.837s] -- Installing: /home/ghislain/m_robot_ws/install/my_robot_description/share/my_robot_description/package.xml
[5.844s] Invoked command in '/home/ghislain/m_robot_ws/build/my_robot_description' returned '0': CMAKE_PREFIX_PATH=${CMAKE_PREFIX_PATH}:/opt/ros/humble /usr/bin/cmake --install /home/ghislain/m_robot_ws/build/my_robot_description
